;  LST file generated by mikroListExporter - v.2.0 
; Date/Time: 16.02.2023 15:02:11
;----------------------------------------------

;Address Opcode 	ASM
0x0000	0xF000EF22  	GOTO        68
_interrupt:
;timer2.c,6 :: 		void interrupt()
;timer2.c,8 :: 		if(PIR1.TMR2IF) //  Her 500us de bir flag aktif olacak.
0x0008	0xA29E      	BTFSS       PIR1, 1 
0x000A	0xD00E      	BRA         L_interrupt0
;timer2.c,10 :: 		sayac++;
0x000C	0x4A15      	INFSNZ      _sayac, 1 
0x000E	0x2A16      	INCF        _sayac+1, 1 
;timer2.c,11 :: 		TMR2=0x06;
0x0010	0x0E06      	MOVLW       6
0x0012	0x6ECC      	MOVWF       TMR2 
;timer2.c,12 :: 		if(sayac>=100)    // Her 100 ms de bir iþlem görecek.
0x0014	0x0E00      	MOVLW       0
0x0016	0x5C16      	SUBWF       _sayac+1, 0 
0x0018	0xE102      	BNZ         L__interrupt9
0x001A	0x0E64      	MOVLW       100
0x001C	0x5C15      	SUBWF       _sayac, 0 
L__interrupt9:
0x001E	0xE303      	BNC         L_interrupt1
;timer2.c,14 :: 		interrupt_led = ~interrupt_led;
0x0020	0x7281      	BTG         PORTB, 1 
;timer2.c,15 :: 		sayac=0;
0x0022	0x6A15      	CLRF        _sayac 
0x0024	0x6A16      	CLRF        _sayac+1 
;timer2.c,16 :: 		}
L_interrupt1:
;timer2.c,18 :: 		PIR1.TMR2IF=0;
0x0026	0x929E      	BCF         PIR1, 1 
;timer2.c,19 :: 		}
L_interrupt0:
;timer2.c,20 :: 		}
L_end_interrupt:
L__interrupt8:
0x0028	0x0011      	RETFIE      1
; end of _interrupt
_kurulum:
;timer2.c,22 :: 		void kurulum()
;timer2.c,24 :: 		ADCON1 |= 0x0F;
0x002A	0x0E0F      	MOVLW       15
0x002C	0x12C1      	IORWF       ADCON1, 1 
;timer2.c,27 :: 		TRISB=0;  //B portu çýkýr olarak ayarlandý.
0x002E	0x6A93      	CLRF        TRISB 
;timer2.c,28 :: 		PORTB=0; // Sinyal seviyesi low'a çekildi
0x0030	0x6A81      	CLRF        PORTB 
;timer2.c,30 :: 		T2CON=0x05;
0x0032	0x0E05      	MOVLW       5
0x0034	0x6ECA      	MOVWF       T2CON 
;timer2.c,31 :: 		INTCON=0xC0;
0x0036	0x0EC0      	MOVLW       192
0x0038	0x6EF2      	MOVWF       INTCON 
;timer2.c,32 :: 		PIE1.TMR2IE=1;
0x003A	0x829D      	BSF         PIE1, 1 
;timer2.c,33 :: 		PIR1.TMR2IF=0;
0x003C	0x929E      	BCF         PIR1, 1 
;timer2.c,35 :: 		sayac=0;
0x003E	0x6A15      	CLRF        _sayac 
0x0040	0x6A16      	CLRF        _sayac+1 
;timer2.c,36 :: 		}
L_end_kurulum:
0x0042	0x0012      	RETURN      0
; end of _kurulum
_main:
;timer2.c,38 :: 		void main() {
;timer2.c,39 :: 		kurulum();
0x0044	0xDFF2      	RCALL       _kurulum
;timer2.c,41 :: 		for(;;)
L_main2:
;timer2.c,43 :: 		loop_led=1;
0x0046	0x8081      	BSF         PORTB, 0 
;timer2.c,44 :: 		delay_ms(1000);
0x0048	0x0E06      	MOVLW       6
0x004A	0x6E0B      	MOVWF       R11, 0
0x004C	0x0E13      	MOVLW       19
0x004E	0x6E0C      	MOVWF       R12, 0
0x0050	0x0EAD      	MOVLW       173
0x0052	0x6E0D      	MOVWF       R13, 0
L_main5:
0x0054	0x2E0D      	DECFSZ      R13, 1, 0
0x0056	0xD7FE      	BRA         L_main5
0x0058	0x2E0C      	DECFSZ      R12, 1, 0
0x005A	0xD7FC      	BRA         L_main5
0x005C	0x2E0B      	DECFSZ      R11, 1, 0
0x005E	0xD7FA      	BRA         L_main5
0x0060	0x0000      	NOP
0x0062	0x0000      	NOP
;timer2.c,45 :: 		loop_led=0;
0x0064	0x9081      	BCF         PORTB, 0 
;timer2.c,46 :: 		delay_ms(1000);
0x0066	0x0E06      	MOVLW       6
0x0068	0x6E0B      	MOVWF       R11, 0
0x006A	0x0E13      	MOVLW       19
0x006C	0x6E0C      	MOVWF       R12, 0
0x006E	0x0EAD      	MOVLW       173
0x0070	0x6E0D      	MOVWF       R13, 0
L_main6:
0x0072	0x2E0D      	DECFSZ      R13, 1, 0
0x0074	0xD7FE      	BRA         L_main6
0x0076	0x2E0C      	DECFSZ      R12, 1, 0
0x0078	0xD7FC      	BRA         L_main6
0x007A	0x2E0B      	DECFSZ      R11, 1, 0
0x007C	0xD7FA      	BRA         L_main6
0x007E	0x0000      	NOP
0x0080	0x0000      	NOP
;timer2.c,48 :: 		}
0x0082	0xD7E1      	BRA         L_main2
;timer2.c,49 :: 		}
L_end_main:
0x0084	0xD7FF      	BRA         $+0
; end of _main
Symbol List:
//** Routines locations **
//ADDRESS    SIZE    PROCEDURE
//----------------------------------------------
0x0008      [34]    _interrupt
0x002A      [26]    _kurulum
0x0044      [66]    _main
//** Variables locations ** 
//ADDRESS    SIZE    VARIABLE
//----------------------------------------------
0x0000       [1]    R0
0x0001       [1]    R1
0x0002       [1]    R2
0x0003       [1]    R3
0x0004       [1]    R4
0x0005       [1]    R5
0x0006       [1]    R6
0x0007       [1]    R7
0x0008       [1]    R8
0x0009       [1]    R9
0x000A       [1]    R10
0x000B       [1]    R11
0x000C       [1]    R12
0x000D       [1]    R13
0x000E       [1]    R14
0x000F       [1]    R15
0x0010       [1]    R16
0x0011       [1]    R17
0x0012       [1]    R18
0x0013       [1]    R19
0x0014       [1]    R20
0x0015       [2]    _sayac
0x0F81       [1]    PORTB
0x0F93       [1]    TRISB
0x0F9D       [1]    PIE1
0x0F9E       [1]    PIR1
0x0FB4       [1]    CMCON
0x0FC1       [1]    ADCON1
0x0FCA       [1]    T2CON
0x0FCC       [1]    TMR2
0x0FD8       [1]    STATUS
0x0FD9       [1]    FSR2L
0x0FDA       [1]    FSR2H
0x0FDE       [1]    POSTINC2
0x0FE0       [1]    BSR
0x0FE1       [1]    FSR1L
0x0FE2       [1]    FSR1H
0x0FE4       [1]    PREINC1
0x0FE6       [1]    POSTINC1
0x0FE7       [1]    INDF1
0x0FE8       [1]    WREG
0x0FE9       [1]    FSR0L
0x0FEA       [1]    FSR0H
0x0FEE       [1]    POSTINC0
0x0FF2       [1]    INTCON
0x0FF3       [1]    PRODL
0x0FF4       [1]    PRODH
0x0FF5       [1]    TABLAT
0x0FF6       [1]    TBLPTRL
0x0FF7       [1]    TBLPTRH
0x0FF8       [1]    TBLPTRU
