;  LST file generated by mikroListExporter - v.2.0 
; Date/Time: 18.02.2023 19:27:56
;----------------------------------------------

;Address Opcode 	ASM
0x0000	0xF001EFF4  	GOTO        1000
0x0004	0x0000      	NOP
0x0006	0x0000      	NOP
0x0008	0xF000EF00  	GOTO        0
0x000C	0x0000      	NOP
0x000E	0x0000      	NOP
0x0010	0x0000      	NOP
0x0012	0x0000      	NOP
0x0014	0x0000      	NOP
0x0016	0x0000      	NOP
0x0018	0xD7F3      	BRA         0
_Delay_50us:
;__Lib_Delays.c,19 :: 		void Delay_50us() {
;__Lib_Delays.c,20 :: 		Delay_us(50);
0x001C	0x0E10      	MOVLW       16
0x001E	0x6E0D      	MOVWF       R13, 0
L_Delay_50us2:
0x0020	0x2E0D      	DECFSZ      R13, 1, 0
0x0022	0xD7FE      	BRA         L_Delay_50us2
0x0024	0x0000      	NOP
;__Lib_Delays.c,21 :: 		}
L_end_Delay_50us:
0x0026	0x0012      	RETURN      0
; end of _Delay_50us
_Delay_5500us:
;__Lib_Delays.c,31 :: 		void Delay_5500us() {
;__Lib_Delays.c,32 :: 		Delay_us(5500);
0x0028	0x0E08      	MOVLW       8
0x002A	0x6E0C      	MOVWF       R12, 0
0x002C	0x0E23      	MOVLW       35
0x002E	0x6E0D      	MOVWF       R13, 0
L_Delay_5500us5:
0x0030	0x2E0D      	DECFSZ      R13, 1, 0
0x0032	0xD7FE      	BRA         L_Delay_5500us5
0x0034	0x2E0C      	DECFSZ      R12, 1, 0
0x0036	0xD7FC      	BRA         L_Delay_5500us5
;__Lib_Delays.c,33 :: 		}
L_end_Delay_5500us:
0x0038	0x0012      	RETURN      0
; end of _Delay_5500us
_Delay_1us:
;__Lib_Delays.c,7 :: 		void Delay_1us() {
;__Lib_Delays.c,8 :: 		Delay_us(1);
0x003A	0x0000      	NOP
;__Lib_Delays.c,9 :: 		}
L_end_Delay_1us:
0x003C	0x0012      	RETURN      0
; end of _Delay_1us
_Lcd_Cmd:
;__Lib_Lcd.c,18 :: 		
;__Lib_Lcd.c,20 :: 		
0x003E	0x0100      	MOVLB       0
0x0040	0xBFE0      	BTFSC       FARG_Lcd_Cmd_out_char, 7, 1
0x0042	0xD002      	BRA         L__Lcd_Cmd21
0x0044	0x9E83      	BCF         LCD_D7, BitPos(LCD_D7+0) 
0x0046	0xD001      	BRA         L__Lcd_Cmd22
L__Lcd_Cmd21:
0x0048	0x8E83      	BSF         LCD_D7, BitPos(LCD_D7+0) 
L__Lcd_Cmd22:
;__Lib_Lcd.c,21 :: 		
0x004A	0xBDE0      	BTFSC       FARG_Lcd_Cmd_out_char, 6, 1
0x004C	0xD002      	BRA         L__Lcd_Cmd23
0x004E	0x9C83      	BCF         LCD_D6, BitPos(LCD_D6+0) 
0x0050	0xD001      	BRA         L__Lcd_Cmd24
L__Lcd_Cmd23:
0x0052	0x8C83      	BSF         LCD_D6, BitPos(LCD_D6+0) 
L__Lcd_Cmd24:
;__Lib_Lcd.c,22 :: 		
0x0054	0xBBE0      	BTFSC       FARG_Lcd_Cmd_out_char, 5, 1
0x0056	0xD002      	BRA         L__Lcd_Cmd25
0x0058	0x9A83      	BCF         LCD_D5, BitPos(LCD_D5+0) 
0x005A	0xD001      	BRA         L__Lcd_Cmd26
L__Lcd_Cmd25:
0x005C	0x8A83      	BSF         LCD_D5, BitPos(LCD_D5+0) 
L__Lcd_Cmd26:
;__Lib_Lcd.c,23 :: 		
0x005E	0xB9E0      	BTFSC       FARG_Lcd_Cmd_out_char, 4, 1
0x0060	0xD002      	BRA         L__Lcd_Cmd27
0x0062	0x9883      	BCF         LCD_D4, BitPos(LCD_D4+0) 
0x0064	0xD001      	BRA         L__Lcd_Cmd28
L__Lcd_Cmd27:
0x0066	0x8883      	BSF         LCD_D4, BitPos(LCD_D4+0) 
L__Lcd_Cmd28:
;__Lib_Lcd.c,25 :: 		
0x0068	0xB1C7      	BTFSC       __Lib_Lcd_cmd_status, BitPos(__Lib_Lcd_cmd_status+0), 1
0x006A	0xD002      	BRA         L__Lcd_Cmd29
0x006C	0x8483      	BSF         LCD_RS, BitPos(LCD_RS+0) 
0x006E	0xD001      	BRA         L__Lcd_Cmd30
L__Lcd_Cmd29:
0x0070	0x9483      	BCF         LCD_RS, BitPos(LCD_RS+0) 
L__Lcd_Cmd30:
;__Lib_Lcd.c,28 :: 		
0x0072	0x8683      	BSF         LCD_EN, BitPos(LCD_EN+0) 
;__Lib_Lcd.c,29 :: 		
0x0074	0xDFE2      	RCALL       _Delay_1us
;__Lib_Lcd.c,30 :: 		
0x0076	0x9683      	BCF         LCD_EN, BitPos(LCD_EN+0) 
;__Lib_Lcd.c,33 :: 		
0x0078	0xB7E0      	BTFSC       FARG_Lcd_Cmd_out_char, 3, 1
0x007A	0xD002      	BRA         L__Lcd_Cmd31
0x007C	0x9E83      	BCF         LCD_D7, BitPos(LCD_D7+0) 
0x007E	0xD001      	BRA         L__Lcd_Cmd32
L__Lcd_Cmd31:
0x0080	0x8E83      	BSF         LCD_D7, BitPos(LCD_D7+0) 
L__Lcd_Cmd32:
;__Lib_Lcd.c,34 :: 		
0x0082	0xB5E0      	BTFSC       FARG_Lcd_Cmd_out_char, 2, 1
0x0084	0xD002      	BRA         L__Lcd_Cmd33
0x0086	0x9C83      	BCF         LCD_D6, BitPos(LCD_D6+0) 
0x0088	0xD001      	BRA         L__Lcd_Cmd34
L__Lcd_Cmd33:
0x008A	0x8C83      	BSF         LCD_D6, BitPos(LCD_D6+0) 
L__Lcd_Cmd34:
;__Lib_Lcd.c,35 :: 		
0x008C	0xB3E0      	BTFSC       FARG_Lcd_Cmd_out_char, 1, 1
0x008E	0xD002      	BRA         L__Lcd_Cmd35
0x0090	0x9A83      	BCF         LCD_D5, BitPos(LCD_D5+0) 
0x0092	0xD001      	BRA         L__Lcd_Cmd36
L__Lcd_Cmd35:
0x0094	0x8A83      	BSF         LCD_D5, BitPos(LCD_D5+0) 
L__Lcd_Cmd36:
;__Lib_Lcd.c,36 :: 		
0x0096	0xB1E0      	BTFSC       FARG_Lcd_Cmd_out_char, 0, 1
0x0098	0xD002      	BRA         L__Lcd_Cmd37
0x009A	0x9883      	BCF         LCD_D4, BitPos(LCD_D4+0) 
0x009C	0xD001      	BRA         L__Lcd_Cmd38
L__Lcd_Cmd37:
0x009E	0x8883      	BSF         LCD_D4, BitPos(LCD_D4+0) 
L__Lcd_Cmd38:
;__Lib_Lcd.c,38 :: 		
0x00A0	0xB1C7      	BTFSC       __Lib_Lcd_cmd_status, BitPos(__Lib_Lcd_cmd_status+0), 1
0x00A2	0xD002      	BRA         L__Lcd_Cmd39
0x00A4	0x8483      	BSF         LCD_RS, BitPos(LCD_RS+0) 
0x00A6	0xD001      	BRA         L__Lcd_Cmd40
L__Lcd_Cmd39:
0x00A8	0x9483      	BCF         LCD_RS, BitPos(LCD_RS+0) 
L__Lcd_Cmd40:
;__Lib_Lcd.c,40 :: 		
0x00AA	0x8683      	BSF         LCD_EN, BitPos(LCD_EN+0) 
;__Lib_Lcd.c,41 :: 		
0x00AC	0xDFC6      	RCALL       _Delay_1us
;__Lib_Lcd.c,42 :: 		
0x00AE	0x9683      	BCF         LCD_EN, BitPos(LCD_EN+0) 
;__Lib_Lcd.c,44 :: 		
0x00B0	0xA1C7      	BTFSS       __Lib_Lcd_cmd_status, BitPos(__Lib_Lcd_cmd_status+0), 1
0x00B2	0xD002      	BRA         L_Lcd_Cmd0
;__Lib_Lcd.c,45 :: 		
0x00B4	0xDFB9      	RCALL       _Delay_5500us
0x00B6	0xD001      	BRA         L_Lcd_Cmd1
L_Lcd_Cmd0:
;__Lib_Lcd.c,47 :: 		
0x00B8	0xDFB1      	RCALL       _Delay_50us
L_Lcd_Cmd1:
;__Lib_Lcd.c,48 :: 		
L_end_Lcd_Cmd:
0x00BA	0x0012      	RETURN      0
; end of _Lcd_Cmd
_Lcd_Chr_CP:
;__Lib_Lcd.c,50 :: 		
;__Lib_Lcd.c,52 :: 		
0x00BC	0x0100      	MOVLB       0
0x00BE	0x91C7      	BCF         __Lib_Lcd_cmd_status, BitPos(__Lib_Lcd_cmd_status+0), 1
;__Lib_Lcd.c,53 :: 		
0x00C0	0xF0E0C0DF  	MOVFF       FARG_Lcd_Chr_CP_out_char, FARG_Lcd_Cmd_out_char
0x00C4	0xDFBC      	RCALL       _Lcd_Cmd
;__Lib_Lcd.c,54 :: 		
0x00C6	0x81C7      	BSF         __Lib_Lcd_cmd_status, BitPos(__Lib_Lcd_cmd_status+0), 1
;__Lib_Lcd.c,55 :: 		
L_end_Lcd_Chr_CP:
0x00C8	0x0012      	RETURN      0
; end of _Lcd_Chr_CP
_UART1_Init:
;__Lib_UART_c67.c,15 :: 		
;__Lib_UART_c67.c,18 :: 		
0x00CA	0x0E34      	MOVLW       _UART1_Write
0x00CC	0x0100      	MOVLB       0
0x00CE	0x6FC3      	MOVWF       _UART_Wr_Ptr, 1
0x00D0	0x0E01      	MOVLW       hi_addr(_UART1_Write)
0x00D2	0x6FC4      	MOVWF       _UART_Wr_Ptr+1, 1
0x00D4	0x0EDA      	MOVLW       FARG_UART1_Write_data_
0x00D6	0x6FC5      	MOVWF       _UART_Wr_Ptr+2, 1
0x00D8	0x0E00      	MOVLW       hi_addr(FARG_UART1_Write_data_)
0x00DA	0x6FC6      	MOVWF       _UART_Wr_Ptr+3, 1
;__Lib_UART_c67.c,19 :: 		
0x00DC	0x0E22      	MOVLW       _UART1_Read
0x00DE	0x6FBB      	MOVWF       _UART_Rd_Ptr, 1
0x00E0	0x0E01      	MOVLW       hi_addr(_UART1_Read)
0x00E2	0x6FBC      	MOVWF       _UART_Rd_Ptr+1, 1
0x00E4	0x0E00      	MOVLW       0
0x00E6	0x6FBD      	MOVWF       _UART_Rd_Ptr+2, 1
0x00E8	0x0E00      	MOVLW       0
0x00EA	0x6FBE      	MOVWF       _UART_Rd_Ptr+3, 1
;__Lib_UART_c67.c,20 :: 		
0x00EC	0x0E42      	MOVLW       _UART1_Data_Ready
0x00EE	0x6FB7      	MOVWF       _UART_Rdy_Ptr, 1
0x00F0	0x0E01      	MOVLW       hi_addr(_UART1_Data_Ready)
0x00F2	0x6FB8      	MOVWF       _UART_Rdy_Ptr+1, 1
0x00F4	0x0E00      	MOVLW       0
0x00F6	0x6FB9      	MOVWF       _UART_Rdy_Ptr+2, 1
0x00F8	0x0E00      	MOVLW       0
0x00FA	0x6FBA      	MOVWF       _UART_Rdy_Ptr+3, 1
;__Lib_UART_c67.c,21 :: 		
0x00FC	0x0EFF      	MOVLW       _UART1_Tx_Idle
0x00FE	0x6FBF      	MOVWF       _UART_Tx_Idle_Ptr, 1
0x0100	0x0EFF      	MOVLW       hi_addr(_UART1_Tx_Idle)
0x0102	0x6FC0      	MOVWF       _UART_Tx_Idle_Ptr+1, 1
0x0104	0x0E00      	MOVLW       0
0x0106	0x6FC1      	MOVWF       _UART_Tx_Idle_Ptr+2, 1
0x0108	0x0E00      	MOVLW       0
0x010A	0x6FC2      	MOVWF       _UART_Tx_Idle_Ptr+3, 1
;__Lib_UART_c67.c,23 :: 		
0x010C	0x8AAC      	BSF         TXSTA, 5 
;__Lib_UART_c67.c,24 :: 		
0x010E	0x0E90      	MOVLW       144
0x0110	0x6EAB      	MOVWF       RCSTA 
;__Lib_UART_c67.c,25 :: 		
0x0112	0x8E94      	BSF         TRISC7_bit, BitPos(TRISC7_bit+0) 
;__Lib_UART_c67.c,26 :: 		
0x0114	0x9C94      	BCF         TRISC6_bit, BitPos(TRISC6_bit+0) 
;__Lib_UART_c67.c,28 :: 		
L_UART1_Init0:
0x0116	0xAA9E      	BTFSS       PIR1, 5 
0x0118	0xD003      	BRA         L_UART1_Init1
;__Lib_UART_c67.c,29 :: 		
0x011A	0xF000CFAE  	MOVFF       RCREG, R0
0x011E	0xD7FB      	BRA         L_UART1_Init0
L_UART1_Init1:
;__Lib_UART_c67.c,30 :: 		
L_end_UART1_Init:
0x0120	0x0012      	RETURN      0
; end of _UART1_Init
_UART1_Read:
;__Lib_UART_c67.c,39 :: 		
;__Lib_UART_c67.c,42 :: 		
0x0122	0xF001CFAE  	MOVFF       RCREG, R1
;__Lib_UART_c67.c,43 :: 		
0x0126	0xA2AB      	BTFSS       RCSTA, 1 
0x0128	0xD002      	BRA         L_UART1_Read2
;__Lib_UART_c67.c,44 :: 		
0x012A	0x98AB      	BCF         RCSTA, 4 
;__Lib_UART_c67.c,45 :: 		
0x012C	0x88AB      	BSF         RCSTA, 4 
;__Lib_UART_c67.c,46 :: 		
L_UART1_Read2:
;__Lib_UART_c67.c,47 :: 		
0x012E	0xF000C001  	MOVFF       R1, R0
;__Lib_UART_c67.c,48 :: 		
L_end_UART1_Read:
0x0132	0x0012      	RETURN      0
; end of _UART1_Read
_UART1_Write:
;__Lib_UART_c67.c,58 :: 		
;__Lib_UART_c67.c,59 :: 		
L_UART1_Write3:
0x0134	0xB2AC      	BTFSC       TXSTA, 1 
0x0136	0xD002      	BRA         L_UART1_Write4
;__Lib_UART_c67.c,60 :: 		
0x0138	0x0000      	NOP
0x013A	0xD7FC      	BRA         L_UART1_Write3
L_UART1_Write4:
;__Lib_UART_c67.c,61 :: 		
0x013C	0xFFADC0DA  	MOVFF       FARG_UART1_Write_data_, TXREG
;__Lib_UART_c67.c,62 :: 		
L_end_UART1_Write:
0x0140	0x0012      	RETURN      0
; end of _UART1_Write
_UART1_Data_Ready:
;__Lib_UART_c67.c,34 :: 		
;__Lib_UART_c67.c,35 :: 		
0x0142	0x0E00      	MOVLW       0
0x0144	0xBA9E      	BTFSC       PIR1, 5 
0x0146	0x0E01      	MOVLW       1
0x0148	0x6E00      	MOVWF       R0 
;__Lib_UART_c67.c,36 :: 		
L_end_UART1_Data_Ready:
0x014A	0x0012      	RETURN      0
; end of _UART1_Data_Ready
_Lcd_Out:
;__Lib_Lcd.c,184 :: 		
;__Lib_Lcd.c,187 :: 		
0x014C	0xD010      	BRA         L_Lcd_Out11
;__Lib_Lcd.c,188 :: 		
L_Lcd_Out13:
0x014E	0x0E80      	MOVLW       128
0x0150	0x0100      	MOVLB       0
0x0152	0x6FDA      	MOVWF       FARG_Lcd_Out_row, 1
0x0154	0xD01A      	BRA         L_Lcd_Out12
;__Lib_Lcd.c,189 :: 		
L_Lcd_Out14:
0x0156	0x0EC0      	MOVLW       192
0x0158	0x6FDA      	MOVWF       FARG_Lcd_Out_row, 1
0x015A	0xD017      	BRA         L_Lcd_Out12
;__Lib_Lcd.c,190 :: 		
L_Lcd_Out15:
0x015C	0x0E94      	MOVLW       148
0x015E	0x6FDA      	MOVWF       FARG_Lcd_Out_row, 1
0x0160	0xD014      	BRA         L_Lcd_Out12
;__Lib_Lcd.c,191 :: 		
L_Lcd_Out16:
0x0162	0x0ED4      	MOVLW       212
0x0164	0x6FDA      	MOVWF       FARG_Lcd_Out_row, 1
0x0166	0xD011      	BRA         L_Lcd_Out12
;__Lib_Lcd.c,192 :: 		
L_Lcd_Out17:
0x0168	0x0E80      	MOVLW       128
0x016A	0x6FDA      	MOVWF       FARG_Lcd_Out_row, 1
;__Lib_Lcd.c,193 :: 		
0x016C	0xD00E      	BRA         L_Lcd_Out12
L_Lcd_Out11:
0x016E	0x0100      	MOVLB       0
0x0170	0x51DA      	MOVF        FARG_Lcd_Out_row, 0, 1
0x0172	0x0A01      	XORLW       1
0x0174	0xE0EC      	BZ          L_Lcd_Out13
0x0176	0x51DA      	MOVF        FARG_Lcd_Out_row, 0, 1
0x0178	0x0A02      	XORLW       2
0x017A	0xE0ED      	BZ          L_Lcd_Out14
0x017C	0x51DA      	MOVF        FARG_Lcd_Out_row, 0, 1
0x017E	0x0A03      	XORLW       3
0x0180	0xE0ED      	BZ          L_Lcd_Out15
0x0182	0x51DA      	MOVF        FARG_Lcd_Out_row, 0, 1
0x0184	0x0A04      	XORLW       4
0x0186	0xE0ED      	BZ          L_Lcd_Out16
0x0188	0xD7EF      	BRA         L_Lcd_Out17
L_Lcd_Out12:
;__Lib_Lcd.c,194 :: 		
0x018A	0x05DB      	DECF        FARG_Lcd_Out_column, 0, 1
0x018C	0x6E00      	MOVWF       R0 
0x018E	0x51DA      	MOVF        FARG_Lcd_Out_row, 0, 1
0x0190	0x2600      	ADDWF       R0, 1 
0x0192	0xF0DAC000  	MOVFF       R0, FARG_Lcd_Out_row
;__Lib_Lcd.c,196 :: 		
0x0196	0xF0E0C000  	MOVFF       R0, FARG_Lcd_Cmd_out_char
0x019A	0xDF51      	RCALL       _Lcd_Cmd
;__Lib_Lcd.c,197 :: 		
0x019C	0x91C7      	BCF         __Lib_Lcd_cmd_status, BitPos(__Lib_Lcd_cmd_status+0), 1
;__Lib_Lcd.c,198 :: 		
0x019E	0x6BDE      	CLRF        Lcd_Out_i_L0, 1
;__Lib_Lcd.c,199 :: 		
L_Lcd_Out18:
0x01A0	0x51DE      	MOVF        Lcd_Out_i_L0, 0, 1
0x01A2	0x25DC      	ADDWF       FARG_Lcd_Out_text, 0, 1
0x01A4	0x6EE9      	MOVWF       FSR0L 
0x01A6	0x0E00      	MOVLW       0
0x01A8	0x21DD      	ADDWFC      FARG_Lcd_Out_text+1, 0, 1
0x01AA	0x6EEA      	MOVWF       FSR0L+1 
0x01AC	0x52EE      	MOVF        POSTINC0, 1 
0x01AE	0xE00B      	BZ          L_Lcd_Out19
;__Lib_Lcd.c,200 :: 		
0x01B0	0x51DE      	MOVF        Lcd_Out_i_L0, 0, 1
0x01B2	0x25DC      	ADDWF       FARG_Lcd_Out_text, 0, 1
0x01B4	0x6EE9      	MOVWF       FSR0L 
0x01B6	0x0E00      	MOVLW       0
0x01B8	0x21DD      	ADDWFC      FARG_Lcd_Out_text+1, 0, 1
0x01BA	0x6EEA      	MOVWF       FSR0L+1 
0x01BC	0xF0DFCFEE  	MOVFF       POSTINC0, FARG_Lcd_Chr_CP_out_char
0x01C0	0xDF7D      	RCALL       _Lcd_Chr_CP
0x01C2	0x2BDE      	INCF        Lcd_Out_i_L0, 1, 1
0x01C4	0xD7ED      	BRA         L_Lcd_Out18
L_Lcd_Out19:
;__Lib_Lcd.c,201 :: 		
0x01C6	0x81C7      	BSF         __Lib_Lcd_cmd_status, BitPos(__Lib_Lcd_cmd_status+0), 1
;__Lib_Lcd.c,202 :: 		
L_end_Lcd_Out:
0x01C8	0x0012      	RETURN      0
; end of _Lcd_Out
_Lcd_Init:
;__Lib_Lcd.c,84 :: 		
;__Lib_Lcd.c,86 :: 		
0x01CA	0x9695      	BCF         LCD_EN_Direction, BitPos(LCD_EN_Direction+0) 
;__Lib_Lcd.c,87 :: 		
0x01CC	0x9495      	BCF         LCD_RS_Direction, BitPos(LCD_RS_Direction+0) 
;__Lib_Lcd.c,88 :: 		
0x01CE	0x9895      	BCF         LCD_D4_Direction, BitPos(LCD_D4_Direction+0) 
;__Lib_Lcd.c,89 :: 		
0x01D0	0x9A95      	BCF         LCD_D5_Direction, BitPos(LCD_D5_Direction+0) 
;__Lib_Lcd.c,90 :: 		
0x01D2	0x9C95      	BCF         LCD_D6_Direction, BitPos(LCD_D6_Direction+0) 
;__Lib_Lcd.c,91 :: 		
0x01D4	0x9E95      	BCF         LCD_D7_Direction, BitPos(LCD_D7_Direction+0) 
;__Lib_Lcd.c,93 :: 		
0x01D6	0x9683      	BCF         LCD_EN, BitPos(LCD_EN+0) 
;__Lib_Lcd.c,94 :: 		
0x01D8	0x9483      	BCF         LCD_RS, BitPos(LCD_RS+0) 
;__Lib_Lcd.c,95 :: 		
0x01DA	0x9E83      	BCF         LCD_D7, BitPos(LCD_D7+0) 
;__Lib_Lcd.c,96 :: 		
0x01DC	0x9C83      	BCF         LCD_D6, BitPos(LCD_D6+0) 
;__Lib_Lcd.c,97 :: 		
0x01DE	0x9A83      	BCF         LCD_D5, BitPos(LCD_D5+0) 
;__Lib_Lcd.c,98 :: 		
0x01E0	0x9883      	BCF         LCD_D4, BitPos(LCD_D4+0) 
;__Lib_Lcd.c,100 :: 		
0x01E2	0xDF22      	RCALL       _Delay_5500us
;__Lib_Lcd.c,101 :: 		
0x01E4	0xDF21      	RCALL       _Delay_5500us
;__Lib_Lcd.c,102 :: 		
0x01E6	0xDF20      	RCALL       _Delay_5500us
;__Lib_Lcd.c,105 :: 		
0x01E8	0x8A83      	BSF         LCD_D5, BitPos(LCD_D5+0) 
;__Lib_Lcd.c,106 :: 		
0x01EA	0x8883      	BSF         LCD_D4, BitPos(LCD_D4+0) 
;__Lib_Lcd.c,107 :: 		
0x01EC	0x8683      	BSF         LCD_EN, BitPos(LCD_EN+0) 
;__Lib_Lcd.c,108 :: 		
0x01EE	0xDF25      	RCALL       _Delay_1us
;__Lib_Lcd.c,109 :: 		
0x01F0	0x9683      	BCF         LCD_EN, BitPos(LCD_EN+0) 
;__Lib_Lcd.c,110 :: 		
0x01F2	0xDF1A      	RCALL       _Delay_5500us
;__Lib_Lcd.c,112 :: 		
0x01F4	0x8683      	BSF         LCD_EN, BitPos(LCD_EN+0) 
;__Lib_Lcd.c,113 :: 		
0x01F6	0xDF21      	RCALL       _Delay_1us
;__Lib_Lcd.c,114 :: 		
0x01F8	0x9683      	BCF         LCD_EN, BitPos(LCD_EN+0) 
;__Lib_Lcd.c,115 :: 		
0x01FA	0xDF16      	RCALL       _Delay_5500us
;__Lib_Lcd.c,117 :: 		
0x01FC	0x8683      	BSF         LCD_EN, BitPos(LCD_EN+0) 
;__Lib_Lcd.c,118 :: 		
0x01FE	0xDF1D      	RCALL       _Delay_1us
;__Lib_Lcd.c,119 :: 		
0x0200	0x9683      	BCF         LCD_EN, BitPos(LCD_EN+0) 
;__Lib_Lcd.c,120 :: 		
0x0202	0xDF12      	RCALL       _Delay_5500us
;__Lib_Lcd.c,123 :: 		
0x0204	0x9883      	BCF         LCD_D4, BitPos(LCD_D4+0) 
;__Lib_Lcd.c,124 :: 		
0x0206	0x8683      	BSF         LCD_EN, BitPos(LCD_EN+0) 
;__Lib_Lcd.c,125 :: 		
0x0208	0xDF18      	RCALL       _Delay_1us
;__Lib_Lcd.c,126 :: 		
0x020A	0x9683      	BCF         LCD_EN, BitPos(LCD_EN+0) 
;__Lib_Lcd.c,127 :: 		
0x020C	0xDF0D      	RCALL       _Delay_5500us
;__Lib_Lcd.c,130 :: 		
0x020E	0x8683      	BSF         LCD_EN, BitPos(LCD_EN+0) 
;__Lib_Lcd.c,131 :: 		
0x0210	0xDF14      	RCALL       _Delay_1us
;__Lib_Lcd.c,132 :: 		
0x0212	0x9683      	BCF         LCD_EN, BitPos(LCD_EN+0) 
;__Lib_Lcd.c,134 :: 		
0x0214	0x9A83      	BCF         LCD_D5, BitPos(LCD_D5+0) 
;__Lib_Lcd.c,135 :: 		
0x0216	0x8E83      	BSF         LCD_D7, BitPos(LCD_D7+0) 
;__Lib_Lcd.c,136 :: 		
0x0218	0x8683      	BSF         LCD_EN, BitPos(LCD_EN+0) 
;__Lib_Lcd.c,137 :: 		
0x021A	0xDF0F      	RCALL       _Delay_1us
;__Lib_Lcd.c,138 :: 		
0x021C	0x9683      	BCF         LCD_EN, BitPos(LCD_EN+0) 
;__Lib_Lcd.c,139 :: 		
0x021E	0xDF04      	RCALL       _Delay_5500us
;__Lib_Lcd.c,142 :: 		
0x0220	0x9E83      	BCF         LCD_D7, BitPos(LCD_D7+0) 
;__Lib_Lcd.c,143 :: 		
0x0222	0x8883      	BSF         LCD_D4, BitPos(LCD_D4+0) 
;__Lib_Lcd.c,144 :: 		
0x0224	0x8683      	BSF         LCD_EN, BitPos(LCD_EN+0) 
;__Lib_Lcd.c,145 :: 		
0x0226	0xDF09      	RCALL       _Delay_1us
;__Lib_Lcd.c,146 :: 		
0x0228	0x9683      	BCF         LCD_EN, BitPos(LCD_EN+0) 
;__Lib_Lcd.c,148 :: 		
0x022A	0x9883      	BCF         LCD_D4, BitPos(LCD_D4+0) 
;__Lib_Lcd.c,149 :: 		
0x022C	0x8683      	BSF         LCD_EN, BitPos(LCD_EN+0) 
;__Lib_Lcd.c,150 :: 		
0x022E	0xDF05      	RCALL       _Delay_1us
;__Lib_Lcd.c,151 :: 		
0x0230	0x9683      	BCF         LCD_EN, BitPos(LCD_EN+0) 
;__Lib_Lcd.c,152 :: 		
0x0232	0xDEFA      	RCALL       _Delay_5500us
;__Lib_Lcd.c,155 :: 		
0x0234	0x8683      	BSF         LCD_EN, BitPos(LCD_EN+0) 
;__Lib_Lcd.c,156 :: 		
0x0236	0xDF01      	RCALL       _Delay_1us
;__Lib_Lcd.c,157 :: 		
0x0238	0x9683      	BCF         LCD_EN, BitPos(LCD_EN+0) 
;__Lib_Lcd.c,159 :: 		
0x023A	0x8883      	BSF         LCD_D4, BitPos(LCD_D4+0) 
;__Lib_Lcd.c,160 :: 		
0x023C	0x8683      	BSF         LCD_EN, BitPos(LCD_EN+0) 
;__Lib_Lcd.c,161 :: 		
0x023E	0xDEFD      	RCALL       _Delay_1us
;__Lib_Lcd.c,162 :: 		
0x0240	0x9683      	BCF         LCD_EN, BitPos(LCD_EN+0) 
;__Lib_Lcd.c,163 :: 		
0x0242	0xDEF2      	RCALL       _Delay_5500us
;__Lib_Lcd.c,166 :: 		
0x0244	0x9883      	BCF         LCD_D4, BitPos(LCD_D4+0) 
;__Lib_Lcd.c,167 :: 		
0x0246	0x8683      	BSF         LCD_EN, BitPos(LCD_EN+0) 
;__Lib_Lcd.c,168 :: 		
0x0248	0xDEF8      	RCALL       _Delay_1us
;__Lib_Lcd.c,169 :: 		
0x024A	0x9683      	BCF         LCD_EN, BitPos(LCD_EN+0) 
;__Lib_Lcd.c,171 :: 		
0x024C	0x8E83      	BSF         LCD_D7, BitPos(LCD_D7+0) 
;__Lib_Lcd.c,172 :: 		
0x024E	0x8C83      	BSF         LCD_D6, BitPos(LCD_D6+0) 
;__Lib_Lcd.c,173 :: 		
0x0250	0x8A83      	BSF         LCD_D5, BitPos(LCD_D5+0) 
;__Lib_Lcd.c,174 :: 		
0x0252	0x8883      	BSF         LCD_D4, BitPos(LCD_D4+0) 
;__Lib_Lcd.c,175 :: 		
0x0254	0x8683      	BSF         LCD_EN, BitPos(LCD_EN+0) 
;__Lib_Lcd.c,176 :: 		
0x0256	0xDEF1      	RCALL       _Delay_1us
;__Lib_Lcd.c,177 :: 		
0x0258	0x9683      	BCF         LCD_EN, BitPos(LCD_EN+0) 
;__Lib_Lcd.c,179 :: 		
0x025A	0xDEE6      	RCALL       _Delay_5500us
;__Lib_Lcd.c,181 :: 		
0x025C	0x0100      	MOVLB       0
0x025E	0x81C7      	BSF         __Lib_Lcd_cmd_status, BitPos(__Lib_Lcd_cmd_status+0), 1
;__Lib_Lcd.c,182 :: 		
L_end_Lcd_Init:
0x0260	0x0012      	RETURN      0
; end of _Lcd_Init
___CC2DW:
;__Lib_System.c,21 :: 		
;__Lib_System.c,23 :: 		
_CC2DL_Loop1:
;__Lib_System.c,24 :: 		
0x0262	0x0009      	TBLRD*+
;__Lib_System.c,25 :: 		
0x0264	0xFFE6CFF5  	MOVFF       TABLAT, POSTINC1
;__Lib_System.c,26 :: 		
0x0268	0x0600      	DECF        R0, 1, 0
;__Lib_System.c,27 :: 		
0x026A	0xE1FB      	BNZ         _CC2DL_Loop1
;__Lib_System.c,28 :: 		
0x026C	0x0601      	DECF        R1, 1, 0
;__Lib_System.c,29 :: 		
0x026E	0xE1F9      	BNZ         _CC2DL_Loop1
;__Lib_System.c,31 :: 		
L_end___CC2DW:
0x0270	0x0012      	RETURN      0
; end of ___CC2DW
_kurulum:
;UART.c,21 :: 		void kurulum() {
;UART.c,22 :: 		ADCON1 |= 0x0F;
0x0272	0x0E0F      	MOVLW       15
0x0274	0x12C1      	IORWF       ADCON1, 1 
;UART.c,23 :: 		CMCON  |= 0x07;
0x0276	0x0E07      	MOVLW       7
0x0278	0x12B4      	IORWF       CMCON, 1 
;UART.c,24 :: 		TRISB=0;
0x027A	0x6A93      	CLRF        TRISB 
;UART.c,25 :: 		PORTB=0;
0x027C	0x6A81      	CLRF        PORTB 
;UART.c,26 :: 		Lcd_Init();
0x027E	0xDFA5      	RCALL       _Lcd_Init
;UART.c,27 :: 		Lcd_Cmd(_LCD_CURSOR_OFF);
0x0280	0x0E0C      	MOVLW       12
0x0282	0x6FE0      	MOVWF       FARG_Lcd_Cmd_out_char, 1
0x0284	0xDEDC      	RCALL       _Lcd_Cmd
;UART.c,28 :: 		LCD_Cmd(_LCD_CLEAR);
0x0286	0x0E01      	MOVLW       1
0x0288	0x6FE0      	MOVWF       FARG_Lcd_Cmd_out_char, 1
0x028A	0xDED9      	RCALL       _Lcd_Cmd
;UART.c,29 :: 		lcd_out(1,1,"Baslatiliyor...");
0x028C	0x0E01      	MOVLW       1
0x028E	0x6FDA      	MOVWF       FARG_Lcd_Out_row, 1
0x0290	0x0E01      	MOVLW       1
0x0292	0x6FDB      	MOVWF       FARG_Lcd_Out_column, 1
0x0294	0x0E33      	MOVLW       ?lstr1_UART
0x0296	0x6FDC      	MOVWF       FARG_Lcd_Out_text, 1
0x0298	0x0E00      	MOVLW       hi_addr(?lstr1_UART)
0x029A	0x6FDD      	MOVWF       FARG_Lcd_Out_text+1, 1
0x029C	0xDF57      	RCALL       _Lcd_Out
;UART.c,31 :: 		UART1_Init(4800);
0x029E	0x86B8      	BSF         BAUDCON, 3, 0
0x02A0	0x6AB0      	CLRF        SPBRGH 
0x02A2	0x0ECF      	MOVLW       207
0x02A4	0x6EAF      	MOVWF       SPBRG 
0x02A6	0x84AC      	BSF         TXSTA, 2, 0
0x02A8	0xDF10      	RCALL       _UART1_Init
;UART.c,32 :: 		delay_ms(500);
0x02AA	0x0E03      	MOVLW       3
0x02AC	0x6E0B      	MOVWF       R11, 0
0x02AE	0x0E8A      	MOVLW       138
0x02B0	0x6E0C      	MOVWF       R12, 0
0x02B2	0x0E55      	MOVLW       85
0x02B4	0x6E0D      	MOVWF       R13, 0
L_kurulum0:
0x02B6	0x2E0D      	DECFSZ      R13, 1, 0
0x02B8	0xD7FE      	BRA         L_kurulum0
0x02BA	0x2E0C      	DECFSZ      R12, 1, 0
0x02BC	0xD7FC      	BRA         L_kurulum0
0x02BE	0x2E0B      	DECFSZ      R11, 1, 0
0x02C0	0xD7FA      	BRA         L_kurulum0
0x02C2	0x0000      	NOP
0x02C4	0x0000      	NOP
;UART.c,33 :: 		}
L_end_kurulum:
0x02C6	0x0012      	RETURN      0
; end of _kurulum
_UART1_Write_Text:
;__Lib_UART_c67.c,66 :: 		
;__Lib_UART_c67.c,67 :: 		
0x02C8	0x0100      	MOVLB       0
0x02CA	0x6BD5      	CLRF        UART1_Write_Text_counter_L0, 1
;__Lib_UART_c67.c,69 :: 		
0x02CC	0xFFE9C0D2  	MOVFF       FARG_UART1_Write_Text_uart_text, FSR0L
0x02D0	0xFFEAC0D3  	MOVFF       FARG_UART1_Write_Text_uart_text+1, FSR0H
0x02D4	0xF0D4CFEE  	MOVFF       POSTINC0, UART1_Write_Text_data__L0
;__Lib_UART_c67.c,70 :: 		
L_UART1_Write_Text5:
0x02D8	0x51D4      	MOVF        UART1_Write_Text_data__L0, 0, 1
0x02DA	0x0A00      	XORLW       0
0x02DC	0xE00E      	BZ          L_UART1_Write_Text6
;__Lib_UART_c67.c,71 :: 		
0x02DE	0xF0DAC0D4  	MOVFF       UART1_Write_Text_data__L0, FARG_UART1_Write_data_
0x02E2	0xDF28      	RCALL       _UART1_Write
;__Lib_UART_c67.c,72 :: 		
0x02E4	0x0100      	MOVLB       0
0x02E6	0x2BD5      	INCF        UART1_Write_Text_counter_L0, 1, 1
;__Lib_UART_c67.c,73 :: 		
0x02E8	0x51D5      	MOVF        UART1_Write_Text_counter_L0, 0, 1
0x02EA	0x25D2      	ADDWF       FARG_UART1_Write_Text_uart_text, 0, 1
0x02EC	0x6EE9      	MOVWF       FSR0L 
0x02EE	0x0E00      	MOVLW       0
0x02F0	0x21D3      	ADDWFC      FARG_UART1_Write_Text_uart_text+1, 0, 1
0x02F2	0x6EEA      	MOVWF       FSR0L+1 
0x02F4	0xF0D4CFEE  	MOVFF       POSTINC0, UART1_Write_Text_data__L0
;__Lib_UART_c67.c,74 :: 		
0x02F8	0xD7EF      	BRA         L_UART1_Write_Text5
L_UART1_Write_Text6:
;__Lib_UART_c67.c,75 :: 		
L_end_UART1_Write_Text:
0x02FA	0x0012      	RETURN      0
; end of _UART1_Write_Text
_UART1_Read_Text:
;__Lib_UART_c67.c,78 :: 		
;__Lib_UART_c67.c,79 :: 		
0x02FC	0x0100      	MOVLB       0
0x02FE	0x6BD8      	CLRF        UART1_Read_Text_out_idx_L0, 1
0x0300	0x6BD9      	CLRF        UART1_Read_Text_delim_idx_L0, 1
;__Lib_UART_c67.c,81 :: 		
L_UART1_Read_Text7:
0x0302	0x53D6      	MOVF        FARG_UART1_Read_Text_Attempts, 1, 1
0x0304	0xE042      	BZ          L_UART1_Read_Text8
;__Lib_UART_c67.c,83 :: 		
0x0306	0x51D6      	MOVF        FARG_UART1_Read_Text_Attempts, 0, 1
0x0308	0x0AFF      	XORLW       255
0x030A	0xA4D8      	BTFSS       STATUS, 2 
;__Lib_UART_c67.c,84 :: 		
0x030C	0x07D6      	DECF        FARG_UART1_Read_Text_Attempts, 1, 1
L_UART1_Read_Text9:
;__Lib_UART_c67.c,86 :: 		
L_UART1_Read_Text10:
0x030E	0xDF19      	RCALL       _UART1_Data_Ready
0x0310	0x5000      	MOVF        R0, 0 
0x0312	0x0A00      	XORLW       0
0x0314	0xE101      	BNZ         L_UART1_Read_Text11
;__Lib_UART_c67.c,87 :: 		
0x0316	0xD7FB      	BRA         L_UART1_Read_Text10
L_UART1_Read_Text11:
;__Lib_UART_c67.c,89 :: 		
0x0318	0xDF04      	RCALL       _UART1_Read
0x031A	0xF0D7C000  	MOVFF       R0, UART1_Read_Text_r_data_L0
;__Lib_UART_c67.c,90 :: 		
0x031E	0x0100      	MOVLB       0
0x0320	0x51D8      	MOVF        UART1_Read_Text_out_idx_L0, 0, 1
0x0322	0x25D2      	ADDWF       FARG_UART1_Read_Text_Output, 0, 1
0x0324	0x6EE1      	MOVWF       FSR1L 
0x0326	0x0E00      	MOVLW       0
0x0328	0x21D3      	ADDWFC      FARG_UART1_Read_Text_Output+1, 0, 1
0x032A	0x6EE2      	MOVWF       FSR1L+1 
0x032C	0xFFE6C000  	MOVFF       R0, POSTINC1
0x0330	0x2BD8      	INCF        UART1_Read_Text_out_idx_L0, 1, 1
;__Lib_UART_c67.c,91 :: 		
0x0332	0x51D9      	MOVF        UART1_Read_Text_delim_idx_L0, 0, 1
0x0334	0x25D4      	ADDWF       FARG_UART1_Read_Text_Delimiter, 0, 1
0x0336	0x6EE9      	MOVWF       FSR0L 
0x0338	0x0E00      	MOVLW       0
0x033A	0x21D5      	ADDWFC      FARG_UART1_Read_Text_Delimiter+1, 0, 1
0x033C	0x6EEA      	MOVWF       FSR0L+1 
0x033E	0x50EE      	MOVF        POSTINC0, 0 
0x0340	0x19D7      	XORWF       UART1_Read_Text_r_data_L0, 0, 1
0x0342	0xE102      	BNZ         L_UART1_Read_Text12
;__Lib_UART_c67.c,92 :: 		
0x0344	0x2BD9      	INCF        UART1_Read_Text_delim_idx_L0, 1, 1
;__Lib_UART_c67.c,93 :: 		
0x0346	0xD009      	BRA         L_UART1_Read_Text13
L_UART1_Read_Text12:
;__Lib_UART_c67.c,95 :: 		
0x0348	0x6BD9      	CLRF        UART1_Read_Text_delim_idx_L0, 1
;__Lib_UART_c67.c,96 :: 		
0x034A	0xFFE9C0D4  	MOVFF       FARG_UART1_Read_Text_Delimiter, FSR0L
0x034E	0xFFEAC0D5  	MOVFF       FARG_UART1_Read_Text_Delimiter+1, FSR0H
0x0352	0x50EE      	MOVF        POSTINC0, 0 
0x0354	0x19D7      	XORWF       UART1_Read_Text_r_data_L0, 0, 1
0x0356	0xB4D8      	BTFSC       STATUS, 2 
;__Lib_UART_c67.c,97 :: 		
0x0358	0x2BD9      	INCF        UART1_Read_Text_delim_idx_L0, 1, 1
;__Lib_UART_c67.c,98 :: 		
L_UART1_Read_Text14:
;__Lib_UART_c67.c,99 :: 		
L_UART1_Read_Text13:
;__Lib_UART_c67.c,101 :: 		
0x035A	0x51D9      	MOVF        UART1_Read_Text_delim_idx_L0, 0, 1
0x035C	0x25D4      	ADDWF       FARG_UART1_Read_Text_Delimiter, 0, 1
0x035E	0x6EE9      	MOVWF       FSR0L 
0x0360	0x0E00      	MOVLW       0
0x0362	0x21D5      	ADDWFC      FARG_UART1_Read_Text_Delimiter+1, 0, 1
0x0364	0x6EEA      	MOVWF       FSR0L+1 
0x0366	0x50EE      	MOVF        POSTINC0, 0 
0x0368	0x0A00      	XORLW       0
0x036A	0xE10E      	BNZ         L_UART1_Read_Text15
;__Lib_UART_c67.c,102 :: 		
0x036C	0x51D9      	MOVF        UART1_Read_Text_delim_idx_L0, 0, 1
0x036E	0x5DD8      	SUBWF       UART1_Read_Text_out_idx_L0, 0, 1
0x0370	0x6E00      	MOVWF       R0 
0x0372	0x6A01      	CLRF        R1 
0x0374	0x0E00      	MOVLW       0
0x0376	0x5A01      	SUBWFB      R1, 1 
0x0378	0x5000      	MOVF        R0, 0 
0x037A	0x25D2      	ADDWF       FARG_UART1_Read_Text_Output, 0, 1
0x037C	0x6EE1      	MOVWF       FSR1L 
0x037E	0x5001      	MOVF        R1, 0 
0x0380	0x21D3      	ADDWFC      FARG_UART1_Read_Text_Output+1, 0, 1
0x0382	0x6EE2      	MOVWF       FSR1L+1 
0x0384	0x6AE6      	CLRF        POSTINC1 
;__Lib_UART_c67.c,103 :: 		
0x0386	0xD006      	BRA         L_end_UART1_Read_Text
;__Lib_UART_c67.c,104 :: 		
L_UART1_Read_Text15:
;__Lib_UART_c67.c,106 :: 		
0x0388	0xD7BC      	BRA         L_UART1_Read_Text7
L_UART1_Read_Text8:
;__Lib_UART_c67.c,107 :: 		
0x038A	0xFFE1C0D2  	MOVFF       FARG_UART1_Read_Text_Output, FSR1L
0x038E	0xFFE2C0D3  	MOVFF       FARG_UART1_Read_Text_Output+1, FSR1H
0x0392	0x6AE6      	CLRF        POSTINC1 
;__Lib_UART_c67.c,108 :: 		
L_end_UART1_Read_Text:
0x0394	0x0012      	RETURN      0
; end of _UART1_Read_Text
_buffer_sifirlama:
;UART.c,34 :: 		void buffer_sifirlama() {
;UART.c,35 :: 		RCREG=0;
0x0396	0x6AAE      	CLRF        RCREG 
;UART.c,36 :: 		RCREG=0;
0x0398	0x6AAE      	CLRF        RCREG 
;UART.c,37 :: 		}
L_end_buffer_sifirlama:
0x039A	0x0012      	RETURN      0
; end of _buffer_sifirlama
_strcmp:
;__Lib_CString.c,115 :: 		
;__Lib_CString.c,117 :: 		
L_strcmp30:
0x039C	0xFFE9C0D2  	MOVFF       FARG_strcmp_s1, FSR0L
0x03A0	0xFFEAC0D3  	MOVFF       FARG_strcmp_s1+1, FSR0H
0x03A4	0x52EE      	MOVF        POSTINC0, 1 
0x03A6	0xE011      	BZ          L_strcmp31
0x03A8	0xFFE9C0D2  	MOVFF       FARG_strcmp_s1, FSR0L
0x03AC	0xFFEAC0D3  	MOVFF       FARG_strcmp_s1+1, FSR0H
0x03B0	0xFFD9C0D4  	MOVFF       FARG_strcmp_s2, FSR2L
0x03B4	0xFFDAC0D5  	MOVFF       FARG_strcmp_s2+1, FSR2H
0x03B8	0x50EE      	MOVF        POSTINC0, 0 
0x03BA	0x18DE      	XORWF       POSTINC2, 0 
0x03BC	0xE106      	BNZ         L_strcmp31
L__strcmp112:
;__Lib_CString.c,118 :: 		
0x03BE	0x0100      	MOVLB       0
0x03C0	0x4BD2      	INFSNZ      FARG_strcmp_s1, 1, 1
0x03C2	0x2BD3      	INCF        FARG_strcmp_s1+1, 1, 1
0x03C4	0x4BD4      	INFSNZ      FARG_strcmp_s2, 1, 1
0x03C6	0x2BD5      	INCF        FARG_strcmp_s2+1, 1, 1
0x03C8	0xD7E9      	BRA         L_strcmp30
L_strcmp31:
;__Lib_CString.c,120 :: 		
0x03CA	0xFFE9C0D2  	MOVFF       FARG_strcmp_s1, FSR0L
0x03CE	0xFFEAC0D3  	MOVFF       FARG_strcmp_s1+1, FSR0H
0x03D2	0xFFD9C0D4  	MOVFF       FARG_strcmp_s2, FSR2L
0x03D6	0xFFDAC0D5  	MOVFF       FARG_strcmp_s2+1, FSR2H
0x03DA	0x50DE      	MOVF        POSTINC2, 0 
0x03DC	0x5CEE      	SUBWF       POSTINC0, 0 
0x03DE	0x6E00      	MOVWF       R0 
0x03E0	0x6A01      	CLRF        R1 
0x03E2	0x0E00      	MOVLW       0
0x03E4	0x5A01      	SUBWFB      R1, 1 
;__Lib_CString.c,121 :: 		
L_end_strcmp:
0x03E6	0x0012      	RETURN      0
; end of _strcmp
_main:
0x03E8	0xF003EC14  	CALL        1576, 0
;UART.c,38 :: 		void main() {
;UART.c,39 :: 		kurulum();
0x03EC	0xDF42      	RCALL       _kurulum
;UART.c,41 :: 		Lcd_Cmd(_LCD_CURSOR_OFF);
0x03EE	0x0E0C      	MOVLW       12
0x03F0	0x6FE0      	MOVWF       FARG_Lcd_Cmd_out_char, 1
0x03F2	0xDE25      	RCALL       _Lcd_Cmd
;UART.c,42 :: 		LCD_Cmd(_LCD_CLEAR);
0x03F4	0x0E01      	MOVLW       1
0x03F6	0x6FE0      	MOVWF       FARG_Lcd_Cmd_out_char, 1
0x03F8	0xDE22      	RCALL       _Lcd_Cmd
;UART.c,43 :: 		lcd_out(1,1,"Calistiriliyor...");
0x03FA	0x0E01      	MOVLW       1
0x03FC	0x6FDA      	MOVWF       FARG_Lcd_Out_row, 1
0x03FE	0x0E01      	MOVLW       1
0x0400	0x6FDB      	MOVWF       FARG_Lcd_Out_column, 1
0x0402	0x0E94      	MOVLW       ?lstr2_UART
0x0404	0x6FDC      	MOVWF       FARG_Lcd_Out_text, 1
0x0406	0x0E00      	MOVLW       hi_addr(?lstr2_UART)
0x0408	0x6FDD      	MOVWF       FARG_Lcd_Out_text+1, 1
0x040A	0xDEA0      	RCALL       _Lcd_Out
;UART.c,45 :: 		UART1_Write_Text("**************\r\n");       //MCU'dan PC ye string gönderiliyor.
0x040C	0x0EA6      	MOVLW       ?lstr3_UART
0x040E	0x6FD2      	MOVWF       FARG_UART1_Write_Text_uart_text, 1
0x0410	0x0E00      	MOVLW       hi_addr(?lstr3_UART)
0x0412	0x6FD3      	MOVWF       FARG_UART1_Write_Text_uart_text+1, 1
0x0414	0xDF59      	RCALL       _UART1_Write_Text
;UART.c,47 :: 		delay_ms(100);
0x0416	0x0E82      	MOVLW       130
0x0418	0x6E0C      	MOVWF       R12, 0
0x041A	0x0EDD      	MOVLW       221
0x041C	0x6E0D      	MOVWF       R13, 0
L_main1:
0x041E	0x2E0D      	DECFSZ      R13, 1, 0
0x0420	0xD7FE      	BRA         L_main1
0x0422	0x2E0C      	DECFSZ      R12, 1, 0
0x0424	0xD7FC      	BRA         L_main1
0x0426	0x0000      	NOP
0x0428	0x0000      	NOP
;UART.c,48 :: 		UART1_Write_Text("LED ORNEK\r\n");
0x042A	0x0E74      	MOVLW       ?lstr4_UART
0x042C	0x6FD2      	MOVWF       FARG_UART1_Write_Text_uart_text, 1
0x042E	0x0E00      	MOVLW       hi_addr(?lstr4_UART)
0x0430	0x6FD3      	MOVWF       FARG_UART1_Write_Text_uart_text+1, 1
0x0432	0xDF4A      	RCALL       _UART1_Write_Text
;UART.c,49 :: 		delay_ms(100);
0x0434	0x0E82      	MOVLW       130
0x0436	0x6E0C      	MOVWF       R12, 0
0x0438	0x0EDD      	MOVLW       221
0x043A	0x6E0D      	MOVWF       R13, 0
L_main2:
0x043C	0x2E0D      	DECFSZ      R13, 1, 0
0x043E	0xD7FE      	BRA         L_main2
0x0440	0x2E0C      	DECFSZ      R12, 1, 0
0x0442	0xD7FC      	BRA         L_main2
0x0444	0x0000      	NOP
0x0446	0x0000      	NOP
;UART.c,50 :: 		UART1_Write_Text("LED KONTROL\r\n");
0x0448	0x0E66      	MOVLW       ?lstr5_UART
0x044A	0x6FD2      	MOVWF       FARG_UART1_Write_Text_uart_text, 1
0x044C	0x0E00      	MOVLW       hi_addr(?lstr5_UART)
0x044E	0x6FD3      	MOVWF       FARG_UART1_Write_Text_uart_text+1, 1
0x0450	0xDF3B      	RCALL       _UART1_Write_Text
;UART.c,51 :: 		delay_ms(100);
0x0452	0x0E82      	MOVLW       130
0x0454	0x6E0C      	MOVWF       R12, 0
0x0456	0x0EDD      	MOVLW       221
0x0458	0x6E0D      	MOVWF       R13, 0
L_main3:
0x045A	0x2E0D      	DECFSZ      R13, 1, 0
0x045C	0xD7FE      	BRA         L_main3
0x045E	0x2E0C      	DECFSZ      R12, 1, 0
0x0460	0xD7FC      	BRA         L_main3
0x0462	0x0000      	NOP
0x0464	0x0000      	NOP
;UART.c,52 :: 		UART1_Write_Text("**************\r\n");
0x0466	0x0E55      	MOVLW       ?lstr6_UART
0x0468	0x6FD2      	MOVWF       FARG_UART1_Write_Text_uart_text, 1
0x046A	0x0E00      	MOVLW       hi_addr(?lstr6_UART)
0x046C	0x6FD3      	MOVWF       FARG_UART1_Write_Text_uart_text+1, 1
0x046E	0xDF2C      	RCALL       _UART1_Write_Text
;UART.c,53 :: 		delay_ms(100);
0x0470	0x0E82      	MOVLW       130
0x0472	0x6E0C      	MOVWF       R12, 0
0x0474	0x0EDD      	MOVLW       221
0x0476	0x6E0D      	MOVWF       R13, 0
L_main4:
0x0478	0x2E0D      	DECFSZ      R13, 1, 0
0x047A	0xD7FE      	BRA         L_main4
0x047C	0x2E0C      	DECFSZ      R12, 1, 0
0x047E	0xD7FC      	BRA         L_main4
0x0480	0x0000      	NOP
0x0482	0x0000      	NOP
;UART.c,55 :: 		while(1)
L_main5:
;UART.c,57 :: 		if(UART1_DATA_READY())                       //Bir data geldiðinde bu koþul iþleyecek
0x0484	0xDE5E      	RCALL       _UART1_Data_Ready
0x0486	0x5200      	MOVF        R0, 1 
0x0488	0xB4D8      	BTFSC       STATUS, 2 
0x048A	0xD07B      	BRA         L_main7
;UART.c,59 :: 		UART1_Read_Text(uart_rd,";",6);             //PC den MCU'ya gönderilen string okunuyor.
0x048C	0x0100      	MOVLB       0
0x048E	0x0EC8      	MOVLW       _uart_rd
0x0490	0x6FD2      	MOVWF       FARG_UART1_Read_Text_Output, 1
0x0492	0x0E00      	MOVLW       hi_addr(_uart_rd)
0x0494	0x6FD3      	MOVWF       FARG_UART1_Read_Text_Output+1, 1
0x0496	0x0E86      	MOVLW       ?lstr7_UART
0x0498	0x6FD4      	MOVWF       FARG_UART1_Read_Text_Delimiter, 1
0x049A	0x0E00      	MOVLW       hi_addr(?lstr7_UART)
0x049C	0x6FD5      	MOVWF       FARG_UART1_Read_Text_Delimiter+1, 1
0x049E	0x0E06      	MOVLW       6
0x04A0	0x6FD6      	MOVWF       FARG_UART1_Read_Text_Attempts, 1
0x04A2	0xDF2C      	RCALL       _UART1_Read_Text
;UART.c,60 :: 		delay_ms(100);
0x04A4	0x0E82      	MOVLW       130
0x04A6	0x6E0C      	MOVWF       R12, 0
0x04A8	0x0EDD      	MOVLW       221
0x04AA	0x6E0D      	MOVWF       R13, 0
L_main8:
0x04AC	0x2E0D      	DECFSZ      R13, 1, 0
0x04AE	0xD7FE      	BRA         L_main8
0x04B0	0x2E0C      	DECFSZ      R12, 1, 0
0x04B2	0xD7FC      	BRA         L_main8
0x04B4	0x0000      	NOP
0x04B6	0x0000      	NOP
;UART.c,62 :: 		if(strcmp(uart_rd,"led,1")==0)              //string karþýlatýrma yapýlýyor.
0x04B8	0x0EC8      	MOVLW       _uart_rd
0x04BA	0x6FD2      	MOVWF       FARG_strcmp_s1, 1
0x04BC	0x0E00      	MOVLW       hi_addr(_uart_rd)
0x04BE	0x6FD3      	MOVWF       FARG_strcmp_s1+1, 1
0x04C0	0x0E80      	MOVLW       ?lstr8_UART
0x04C2	0x6FD4      	MOVWF       FARG_strcmp_s2, 1
0x04C4	0x0E00      	MOVLW       hi_addr(?lstr8_UART)
0x04C6	0x6FD5      	MOVWF       FARG_strcmp_s2+1, 1
0x04C8	0xDF69      	RCALL       _strcmp
0x04CA	0x0E00      	MOVLW       0
0x04CC	0x1801      	XORWF       R1, 0 
0x04CE	0xE102      	BNZ         L__main19
0x04D0	0x0E00      	MOVLW       0
0x04D2	0x1800      	XORWF       R0, 0 
L__main19:
0x04D4	0xE112      	BNZ         L_main9
;UART.c,64 :: 		led=1;
0x04D6	0x8081      	BSF         PORTB, 0 
;UART.c,65 :: 		delay_ms(100);
0x04D8	0x0E82      	MOVLW       130
0x04DA	0x6E0C      	MOVWF       R12, 0
0x04DC	0x0EDD      	MOVLW       221
0x04DE	0x6E0D      	MOVWF       R13, 0
L_main10:
0x04E0	0x2E0D      	DECFSZ      R13, 1, 0
0x04E2	0xD7FE      	BRA         L_main10
0x04E4	0x2E0C      	DECFSZ      R12, 1, 0
0x04E6	0xD7FC      	BRA         L_main10
0x04E8	0x0000      	NOP
0x04EA	0x0000      	NOP
;UART.c,66 :: 		UART1_Write_Text("LED YANDI\r\n");
0x04EC	0x0E88      	MOVLW       ?lstr9_UART
0x04EE	0x0100      	MOVLB       0
0x04F0	0x6FD2      	MOVWF       FARG_UART1_Write_Text_uart_text, 1
0x04F2	0x0E00      	MOVLW       hi_addr(?lstr9_UART)
0x04F4	0x6FD3      	MOVWF       FARG_UART1_Write_Text_uart_text+1, 1
0x04F6	0xDEE8      	RCALL       _UART1_Write_Text
;UART.c,67 :: 		buffer_sifirlama();
0x04F8	0xDF4E      	RCALL       _buffer_sifirlama
;UART.c,68 :: 		}
L_main9:
0x04FA	0x0100      	MOVLB       0
;UART.c,70 :: 		if(strcmp(uart_rd,"led,0")==0)
0x04FC	0x0EC8      	MOVLW       _uart_rd
0x04FE	0x6FD2      	MOVWF       FARG_strcmp_s1, 1
0x0500	0x0E00      	MOVLW       hi_addr(_uart_rd)
0x0502	0x6FD3      	MOVWF       FARG_strcmp_s1+1, 1
0x0504	0x0E15      	MOVLW       ?lstr10_UART
0x0506	0x6FD4      	MOVWF       FARG_strcmp_s2, 1
0x0508	0x0E00      	MOVLW       hi_addr(?lstr10_UART)
0x050A	0x6FD5      	MOVWF       FARG_strcmp_s2+1, 1
0x050C	0xDF47      	RCALL       _strcmp
0x050E	0x0E00      	MOVLW       0
0x0510	0x1801      	XORWF       R1, 0 
0x0512	0xE102      	BNZ         L__main20
0x0514	0x0E00      	MOVLW       0
0x0516	0x1800      	XORWF       R0, 0 
L__main20:
0x0518	0xE112      	BNZ         L_main11
;UART.c,72 :: 		led=0;
0x051A	0x9081      	BCF         PORTB, 0 
;UART.c,73 :: 		delay_ms(100);
0x051C	0x0E82      	MOVLW       130
0x051E	0x6E0C      	MOVWF       R12, 0
0x0520	0x0EDD      	MOVLW       221
0x0522	0x6E0D      	MOVWF       R13, 0
L_main12:
0x0524	0x2E0D      	DECFSZ      R13, 1, 0
0x0526	0xD7FE      	BRA         L_main12
0x0528	0x2E0C      	DECFSZ      R12, 1, 0
0x052A	0xD7FC      	BRA         L_main12
0x052C	0x0000      	NOP
0x052E	0x0000      	NOP
;UART.c,74 :: 		UART1_Write_Text("LED SONDU\r\n");
0x0530	0x0E1B      	MOVLW       ?lstr11_UART
0x0532	0x0100      	MOVLB       0
0x0534	0x6FD2      	MOVWF       FARG_UART1_Write_Text_uart_text, 1
0x0536	0x0E00      	MOVLW       hi_addr(?lstr11_UART)
0x0538	0x6FD3      	MOVWF       FARG_UART1_Write_Text_uart_text+1, 1
0x053A	0xDEC6      	RCALL       _UART1_Write_Text
;UART.c,75 :: 		buffer_sifirlama();
0x053C	0xDF2C      	RCALL       _buffer_sifirlama
;UART.c,76 :: 		}
L_main11:
0x053E	0x0100      	MOVLB       0
;UART.c,78 :: 		if(strcmp(uart_rd,"led,?")==0)         //Ledin durumunun öðrenilmesi için koþul bölümü.
0x0540	0x0EC8      	MOVLW       _uart_rd
0x0542	0x6FD2      	MOVWF       FARG_strcmp_s1, 1
0x0544	0x0E00      	MOVLW       hi_addr(_uart_rd)
0x0546	0x6FD3      	MOVWF       FARG_strcmp_s1+1, 1
0x0548	0x0E43      	MOVLW       ?lstr12_UART
0x054A	0x6FD4      	MOVWF       FARG_strcmp_s2, 1
0x054C	0x0E00      	MOVLW       hi_addr(?lstr12_UART)
0x054E	0x6FD5      	MOVWF       FARG_strcmp_s2+1, 1
0x0550	0xDF25      	RCALL       _strcmp
0x0552	0x0E00      	MOVLW       0
0x0554	0x1801      	XORWF       R1, 0 
0x0556	0xE102      	BNZ         L__main21
0x0558	0x0E00      	MOVLW       0
0x055A	0x1800      	XORWF       R0, 0 
L__main21:
0x055C	0xE112      	BNZ         L_main13
;UART.c,80 :: 		if(led==1)
0x055E	0xA081      	BTFSS       PORTB, 0 
0x0560	0xD007      	BRA         L_main14
;UART.c,82 :: 		UART1_Write_Text("LED AKTIF\r\n");
0x0562	0x0E49      	MOVLW       ?lstr13_UART
0x0564	0x0100      	MOVLB       0
0x0566	0x6FD2      	MOVWF       FARG_UART1_Write_Text_uart_text, 1
0x0568	0x0E00      	MOVLW       hi_addr(?lstr13_UART)
0x056A	0x6FD3      	MOVWF       FARG_UART1_Write_Text_uart_text+1, 1
0x056C	0xDEAD      	RCALL       _UART1_Write_Text
;UART.c,83 :: 		buffer_sifirlama();
0x056E	0xDF13      	RCALL       _buffer_sifirlama
;UART.c,84 :: 		}
L_main14:
;UART.c,86 :: 		if(led==0)
0x0570	0xB081      	BTFSC       PORTB, 0 
0x0572	0xD007      	BRA         L_main15
;UART.c,88 :: 		UART1_Write_Text("LED PASIF\r\n");
0x0574	0x0100      	MOVLB       0
0x0576	0x0E27      	MOVLW       ?lstr14_UART
0x0578	0x6FD2      	MOVWF       FARG_UART1_Write_Text_uart_text, 1
0x057A	0x0E00      	MOVLW       hi_addr(?lstr14_UART)
0x057C	0x6FD3      	MOVWF       FARG_UART1_Write_Text_uart_text+1, 1
0x057E	0xDEA4      	RCALL       _UART1_Write_Text
;UART.c,89 :: 		buffer_sifirlama();
0x0580	0xDF0A      	RCALL       _buffer_sifirlama
;UART.c,90 :: 		}
L_main15:
;UART.c,91 :: 		}
L_main13:
;UART.c,92 :: 		}
L_main7:
;UART.c,93 :: 		}
0x0582	0xD780      	BRA         L_main5
;UART.c,94 :: 		}
L_end_main:
0x0584	0xD7FF      	BRA         $+0
; end of _main
0x0628	0xF015EE10  	LFSR        1, 21
0x062C	0x0EA2      	MOVLW       162
0x062E	0x6E00      	MOVWF       R0 
0x0630	0x0E01      	MOVLW       1
0x0632	0x6E01      	MOVWF       R1 
0x0634	0x0E86      	MOVLW       134
0x0636	0x6EF6      	MOVWF       4086 
0x0638	0x0E05      	MOVLW       5
0x063A	0x6EF7      	MOVWF       TBLPTRH 
0x063C	0x0E00      	MOVLW       0
0x063E	0x6EF8      	MOVWF       TBLPTRU 
0x0640	0xF001EC31  	CALL        610, 0
0x0644	0x0012      	RETURN      0
;UART.c,0 :: ?ICS?lstr10_UART
0x0586	0x656C ;?ICS?lstr10_UART+0
0x0588	0x2C64 ;?ICS?lstr10_UART+2
0x058A	0x0030 ;?ICS?lstr10_UART+4
; end of ?ICS?lstr10_UART
;UART.c,0 :: ?ICS?lstr11_UART
0x058C	0x454C ;?ICS?lstr11_UART+0
0x058E	0x2044 ;?ICS?lstr11_UART+2
0x0590	0x4F53 ;?ICS?lstr11_UART+4
0x0592	0x444E ;?ICS?lstr11_UART+6
0x0594	0x0D55 ;?ICS?lstr11_UART+8
0x0596	0x000A ;?ICS?lstr11_UART+10
; end of ?ICS?lstr11_UART
;UART.c,0 :: ?ICS?lstr14_UART
0x0598	0x454C ;?ICS?lstr14_UART+0
0x059A	0x2044 ;?ICS?lstr14_UART+2
0x059C	0x4150 ;?ICS?lstr14_UART+4
0x059E	0x4953 ;?ICS?lstr14_UART+6
0x05A0	0x0D46 ;?ICS?lstr14_UART+8
0x05A2	0x000A ;?ICS?lstr14_UART+10
; end of ?ICS?lstr14_UART
;UART.c,0 :: ?ICS?lstr1_UART
0x05A4	0x6142 ;?ICS?lstr1_UART+0
0x05A6	0x6C73 ;?ICS?lstr1_UART+2
0x05A8	0x7461 ;?ICS?lstr1_UART+4
0x05AA	0x6C69 ;?ICS?lstr1_UART+6
0x05AC	0x7969 ;?ICS?lstr1_UART+8
0x05AE	0x726F ;?ICS?lstr1_UART+10
0x05B0	0x2E2E ;?ICS?lstr1_UART+12
0x05B2	0x002E ;?ICS?lstr1_UART+14
; end of ?ICS?lstr1_UART
;UART.c,0 :: ?ICS?lstr12_UART
0x05B4	0x656C ;?ICS?lstr12_UART+0
0x05B6	0x2C64 ;?ICS?lstr12_UART+2
0x05B8	0x003F ;?ICS?lstr12_UART+4
; end of ?ICS?lstr12_UART
;UART.c,0 :: ?ICS?lstr13_UART
0x05BA	0x454C ;?ICS?lstr13_UART+0
0x05BC	0x2044 ;?ICS?lstr13_UART+2
0x05BE	0x4B41 ;?ICS?lstr13_UART+4
0x05C0	0x4954 ;?ICS?lstr13_UART+6
0x05C2	0x0D46 ;?ICS?lstr13_UART+8
0x05C4	0x000A ;?ICS?lstr13_UART+10
; end of ?ICS?lstr13_UART
;UART.c,0 :: ?ICS?lstr6_UART
0x05C6	0x2A2A ;?ICS?lstr6_UART+0
0x05C8	0x2A2A ;?ICS?lstr6_UART+2
0x05CA	0x2A2A ;?ICS?lstr6_UART+4
0x05CC	0x2A2A ;?ICS?lstr6_UART+6
0x05CE	0x2A2A ;?ICS?lstr6_UART+8
0x05D0	0x2A2A ;?ICS?lstr6_UART+10
0x05D2	0x2A2A ;?ICS?lstr6_UART+12
0x05D4	0x0A0D ;?ICS?lstr6_UART+14
0x05D6	0x00 ;?ICS?lstr6_UART+16
; end of ?ICS?lstr6_UART
;UART.c,0 :: ?ICS?lstr5_UART
0x05D7	0x454C ;?ICS?lstr5_UART+0
0x05D9	0x2044 ;?ICS?lstr5_UART+2
0x05DB	0x4F4B ;?ICS?lstr5_UART+4
0x05DD	0x544E ;?ICS?lstr5_UART+6
0x05DF	0x4F52 ;?ICS?lstr5_UART+8
0x05E1	0x0D4C ;?ICS?lstr5_UART+10
0x05E3	0x000A ;?ICS?lstr5_UART+12
; end of ?ICS?lstr5_UART
;UART.c,0 :: ?ICS?lstr4_UART
0x05E5	0x454C ;?ICS?lstr4_UART+0
0x05E7	0x2044 ;?ICS?lstr4_UART+2
0x05E9	0x524F ;?ICS?lstr4_UART+4
0x05EB	0x454E ;?ICS?lstr4_UART+6
0x05ED	0x0D4B ;?ICS?lstr4_UART+8
0x05EF	0x000A ;?ICS?lstr4_UART+10
; end of ?ICS?lstr4_UART
;UART.c,0 :: ?ICS?lstr8_UART
0x05F1	0x656C ;?ICS?lstr8_UART+0
0x05F3	0x2C64 ;?ICS?lstr8_UART+2
0x05F5	0x0031 ;?ICS?lstr8_UART+4
; end of ?ICS?lstr8_UART
;UART.c,0 :: ?ICS?lstr7_UART
0x05F7	0x003B ;?ICS?lstr7_UART+0
; end of ?ICS?lstr7_UART
;UART.c,0 :: ?ICS?lstr9_UART
0x05F9	0x454C ;?ICS?lstr9_UART+0
0x05FB	0x2044 ;?ICS?lstr9_UART+2
0x05FD	0x4159 ;?ICS?lstr9_UART+4
0x05FF	0x444E ;?ICS?lstr9_UART+6
0x0601	0x0D49 ;?ICS?lstr9_UART+8
0x0603	0x000A ;?ICS?lstr9_UART+10
; end of ?ICS?lstr9_UART
;UART.c,0 :: ?ICS?lstr2_UART
0x0605	0x6143 ;?ICS?lstr2_UART+0
0x0607	0x696C ;?ICS?lstr2_UART+2
0x0609	0x7473 ;?ICS?lstr2_UART+4
0x060B	0x7269 ;?ICS?lstr2_UART+6
0x060D	0x6C69 ;?ICS?lstr2_UART+8
0x060F	0x7969 ;?ICS?lstr2_UART+10
0x0611	0x726F ;?ICS?lstr2_UART+12
0x0613	0x2E2E ;?ICS?lstr2_UART+14
0x0615	0x002E ;?ICS?lstr2_UART+16
; end of ?ICS?lstr2_UART
;UART.c,0 :: ?ICS?lstr3_UART
0x0617	0x2A2A ;?ICS?lstr3_UART+0
0x0619	0x2A2A ;?ICS?lstr3_UART+2
0x061B	0x2A2A ;?ICS?lstr3_UART+4
0x061D	0x2A2A ;?ICS?lstr3_UART+6
0x061F	0x2A2A ;?ICS?lstr3_UART+8
0x0621	0x2A2A ;?ICS?lstr3_UART+10
0x0623	0x2A2A ;?ICS?lstr3_UART+12
0x0625	0x0A0D ;?ICS?lstr3_UART+14
0x0627	0x00 ;?ICS?lstr3_UART+16
; end of ?ICS?lstr3_UART
Symbol List:
//** Routines locations **
//ADDRESS    SIZE    PROCEDURE
//----------------------------------------------
0x001C      [12]    _Delay_50us
0x0028      [18]    _Delay_5500us
0x003A       [4]    _Delay_1us
0x003E     [126]    _Lcd_Cmd
0x00BC      [14]    _Lcd_Chr_CP
0x00CA      [88]    _UART1_Init
0x0122      [18]    _UART1_Read
0x0134      [14]    _UART1_Write
0x0142      [10]    _UART1_Data_Ready
0x014C     [126]    _Lcd_Out
0x01CA     [152]    _Lcd_Init
0x0262      [16]    ___CC2DW
0x0272      [86]    _kurulum
0x02C8      [52]    _UART1_Write_Text
0x02FC     [154]    _UART1_Read_Text
0x0396       [6]    _buffer_sifirlama
0x039C      [76]    _strcmp
0x03E8     [414]    _main
//** Variables locations ** 
//ADDRESS    SIZE    VARIABLE
//----------------------------------------------
0x0000       [1]    UART1_Init_tmp_L0
0x0000       [1]    R0
0x0001       [1]    R1
0x0001       [1]    UART1_Read___tmp_UART1_Read_L0
0x0001       [1]    ispunct_rslt_L0
0x0002       [2]    strlen_cp_L0
0x0002       [1]    R2
0x0002       [2]    memset_pp_L0
0x0002       [2]    memcpy_dd_L0
0x0002       [2]    memchr_s_L0
0x0003       [1]    R3
0x0003       [2]    memmove_tt_L0
0x0004       [2]    strcat_cp_L0
0x0004       [2]    strcpy_cp_L0
0x0004       [2]    strncpy_cp_L0
0x0004       [1]    R4
0x0004       [2]    memcpy_ss_L0
0x0004       [2]    strncat_cp_L0
0x0005       [1]    R5
0x0005       [2]    memmove_ff_L0
0x0006       [1]    R6
0x0007       [1]    R7
0x0008       [1]    R8
0x0009       [1]    R9
0x000A       [1]    R10
0x000B       [1]    R11
0x000C       [1]    R12
0x000D       [1]    R13
0x000E       [1]    R14
0x000F       [1]    R15
0x0010       [1]    R16
0x0011       [1]    R17
0x0012       [1]    R18
0x0013       [1]    R19
0x0014       [1]    R20
0x0015       [6]    ?lstr10_UART
0x001B      [12]    ?lstr11_UART
0x0027      [12]    ?lstr14_UART
0x0033      [16]    ?lstr1_UART
0x0043       [6]    ?lstr12_UART
0x0049      [12]    ?lstr13_UART
0x0055      [17]    ?lstr6_UART
0x0066      [14]    ?lstr5_UART
0x0074      [12]    ?lstr4_UART
0x0080       [6]    ?lstr8_UART
0x0086       [2]    ?lstr7_UART
0x0088      [12]    ?lstr9_UART
0x0094      [18]    ?lstr2_UART
0x00A6      [17]    ?lstr3_UART
0x00B7       [4]    _UART_Rdy_Ptr
0x00BB       [4]    _UART_Rd_Ptr
0x00BF       [4]    _UART_Tx_Idle_Ptr
0x00C3       [4]    _UART_Wr_Ptr
0x00C7       [0]    __Lib_Lcd_cmd_status
0x00C8      [10]    _uart_rd
0x00D2       [2]    FARG_UART1_Write_Text_uart_text
0x00D2       [2]    FARG_UART1_Read_Text_Output
0x00D2       [2]    FARG_strcmp_s1
0x00D4       [2]    FARG_UART1_Read_Text_Delimiter
0x00D4       [2]    FARG_strcmp_s2
0x00D4       [1]    UART1_Write_Text_data__L0
0x00D5       [1]    UART1_Write_Text_counter_L0
0x00D6       [1]    FARG_UART1_Read_Text_Attempts
0x00D7       [1]    UART1_Read_Text_r_data_L0
0x00D8       [1]    UART1_Read_Text_out_idx_L0
0x00D9       [1]    UART1_Read_Text_delim_idx_L0
0x00DA       [1]    FARG_UART1_Write_data_
0x00DA       [1]    FARG_Lcd_Out_row
0x00DB       [1]    FARG_Lcd_Out_column
0x00DC       [2]    FARG_Lcd_Out_text
0x00DE       [1]    Lcd_Out_i_L0
0x00DF       [1]    FARG_Lcd_Chr_CP_out_char
0x00E0       [1]    FARG_Lcd_Cmd_out_char
0x0F81       [1]    PORTB
0x0F83       [0]    RD2_bit
0x0F83       [0]    RD5_bit
0x0F83       [0]    RD7_bit
0x0F83       [0]    RD4_bit
0x0F83       [0]    RD6_bit
0x0F83       [0]    RD3_bit
0x0F83       [0]    LCD_D4
0x0F83       [0]    LCD_EN
0x0F83       [0]    LCD_RS
0x0F83       [0]    LCD_D6
0x0F83       [0]    LCD_D5
0x0F83       [0]    LCD_D7
0x0F93       [1]    TRISB
0x0F94       [0]    TRISC6_bit
0x0F94       [0]    TRISC7_bit
0x0F95       [0]    LCD_D4_Direction
0x0F95       [0]    LCD_RS_Direction
0x0F95       [0]    TRISD6_bit
0x0F95       [0]    TRISD7_bit
0x0F95       [0]    TRISD5_bit
0x0F95       [0]    LCD_D7_Direction
0x0F95       [0]    TRISD3_bit
0x0F95       [0]    TRISD2_bit
0x0F95       [0]    TRISD4_bit
0x0F95       [0]    LCD_D5_Direction
0x0F95       [0]    LCD_D6_Direction
0x0F95       [0]    LCD_EN_Direction
0x0F9E       [1]    PIR1
0x0FAB       [1]    RCSTA
0x0FAC       [1]    TXSTA
0x0FAD       [1]    TXREG
0x0FAE       [1]    RCREG
0x0FAF       [1]    SPBRG
0x0FB0       [1]    SPBRGH
0x0FB4       [1]    CMCON
0x0FB8       [1]    BAUDCON
0x0FC1       [1]    ADCON1
0x0FD8       [1]    STATUS
0x0FD9       [1]    FSR2L
0x0FDA       [1]    FSR2H
0x0FDE       [1]    POSTINC2
0x0FE0       [1]    BSR
0x0FE1       [1]    FSR1L
0x0FE2       [1]    FSR1H
0x0FE4       [1]    PREINC1
0x0FE6       [1]    POSTINC1
0x0FE7       [1]    INDF1
0x0FE8       [1]    WREG
0x0FE9       [1]    FSR0L
0x0FEA       [1]    FSR0H
0x0FEE       [1]    POSTINC0
0x0FF3       [1]    PRODL
0x0FF4       [1]    PRODH
0x0FF5       [1]    TABLAT
0x0FF6       [1]    TBLPTRL
0x0FF7       [1]    TBLPTRH
0x0FF8       [1]    TBLPTRU
//** Constants locations ** 
//ADDRESS    SIZE    CONSTANT
//----------------------------------------------
0x0586       [6]    ?ICS?lstr10_UART
0x058C      [12]    ?ICS?lstr11_UART
0x0598      [12]    ?ICS?lstr14_UART
0x05A4      [16]    ?ICS?lstr1_UART
0x05B4       [6]    ?ICS?lstr12_UART
0x05BA      [12]    ?ICS?lstr13_UART
0x05C6      [17]    ?ICS?lstr6_UART
0x05D7      [14]    ?ICS?lstr5_UART
0x05E5      [12]    ?ICS?lstr4_UART
0x05F1       [6]    ?ICS?lstr8_UART
0x05F7       [2]    ?ICS?lstr7_UART
0x05F9      [12]    ?ICS?lstr9_UART
0x0605      [18]    ?ICS?lstr2_UART
0x0617      [17]    ?ICS?lstr3_UART
