;  LST file generated by mikroListExporter - v.2.0 
; Date/Time: 16.02.2023 15:35:48
;----------------------------------------------

;Address Opcode 	ASM
0x0000	0xF000EF14  	GOTO        40
_interrupt:
;INT0_interrupt.c,4 :: 		void interrupt()
;INT0_interrupt.c,6 :: 		if(INTCON.INT0IF)
0x0008	0xB2F2      	BTFSC       INTCON, 1 
;INT0_interrupt.c,8 :: 		interrupt_led = ~interrupt_led;
0x000A	0x7481      	BTG         PORTB, 2 
;INT0_interrupt.c,9 :: 		}
L_interrupt0:
;INT0_interrupt.c,11 :: 		INTCON.INT0IF=0;
0x000C	0x92F2      	BCF         INTCON, 1 
;INT0_interrupt.c,12 :: 		}
L_end_interrupt:
L__interrupt7:
0x000E	0x0011      	RETFIE      1
; end of _interrupt
_kurulum:
;INT0_interrupt.c,15 :: 		void kurulum()
;INT0_interrupt.c,17 :: 		ADCON1 |= 0x0F;
0x0010	0x0E0F      	MOVLW       15
0x0012	0x12C1      	IORWF       ADCON1, 1 
;INT0_interrupt.c,20 :: 		TRISB=0x01;
0x0014	0x0E01      	MOVLW       1
0x0016	0x6E93      	MOVWF       TRISB 
;INT0_interrupt.c,21 :: 		PORTB=0;
0x0018	0x6A81      	CLRF        PORTB 
;INT0_interrupt.c,23 :: 		INTCON=0x80;
0x001A	0x0E80      	MOVLW       128
0x001C	0x6EF2      	MOVWF       INTCON 
;INT0_interrupt.c,24 :: 		INTCON.INT0IE=1;
0x001E	0x88F2      	BSF         INTCON, 4 
;INT0_interrupt.c,25 :: 		INTCON.INT0IF=0;
0x0020	0x92F2      	BCF         INTCON, 1 
;INT0_interrupt.c,27 :: 		INTCON2.INTEDG0=1;
0x0022	0x8CF1      	BSF         INTCON2, 6 
;INT0_interrupt.c,29 :: 		RCON.IPEN=1;
0x0024	0x8ED0      	BSF         RCON, 7 
;INT0_interrupt.c,31 :: 		}
L_end_kurulum:
0x0026	0x0012      	RETURN      0
; end of _kurulum
_main:
;INT0_interrupt.c,33 :: 		void main() {
;INT0_interrupt.c,34 :: 		kurulum();
0x0028	0xDFF3      	RCALL       _kurulum
;INT0_interrupt.c,36 :: 		do
L_main1:
;INT0_interrupt.c,38 :: 		loop_led=1;
0x002A	0x8281      	BSF         PORTB, 1 
;INT0_interrupt.c,39 :: 		delay_ms(1000);
0x002C	0x0E06      	MOVLW       6
0x002E	0x6E0B      	MOVWF       R11, 0
0x0030	0x0E13      	MOVLW       19
0x0032	0x6E0C      	MOVWF       R12, 0
0x0034	0x0EAD      	MOVLW       173
0x0036	0x6E0D      	MOVWF       R13, 0
L_main4:
0x0038	0x2E0D      	DECFSZ      R13, 1, 0
0x003A	0xD7FE      	BRA         L_main4
0x003C	0x2E0C      	DECFSZ      R12, 1, 0
0x003E	0xD7FC      	BRA         L_main4
0x0040	0x2E0B      	DECFSZ      R11, 1, 0
0x0042	0xD7FA      	BRA         L_main4
0x0044	0x0000      	NOP
0x0046	0x0000      	NOP
;INT0_interrupt.c,40 :: 		loop_led=0;
0x0048	0x9281      	BCF         PORTB, 1 
;INT0_interrupt.c,41 :: 		delay_ms(1000);
0x004A	0x0E06      	MOVLW       6
0x004C	0x6E0B      	MOVWF       R11, 0
0x004E	0x0E13      	MOVLW       19
0x0050	0x6E0C      	MOVWF       R12, 0
0x0052	0x0EAD      	MOVLW       173
0x0054	0x6E0D      	MOVWF       R13, 0
L_main5:
0x0056	0x2E0D      	DECFSZ      R13, 1, 0
0x0058	0xD7FE      	BRA         L_main5
0x005A	0x2E0C      	DECFSZ      R12, 1, 0
0x005C	0xD7FC      	BRA         L_main5
0x005E	0x2E0B      	DECFSZ      R11, 1, 0
0x0060	0xD7FA      	BRA         L_main5
0x0062	0x0000      	NOP
0x0064	0x0000      	NOP
;INT0_interrupt.c,43 :: 		while(1) ;
0x0066	0xD7E1      	BRA         L_main1
;INT0_interrupt.c,44 :: 		}
L_end_main:
0x0068	0xD7FF      	BRA         $+0
; end of _main
Symbol List:
//** Routines locations **
//ADDRESS    SIZE    PROCEDURE
//----------------------------------------------
0x0008       [8]    _interrupt
0x0010      [24]    _kurulum
0x0028      [66]    _main
//** Variables locations ** 
//ADDRESS    SIZE    VARIABLE
//----------------------------------------------
0x0000       [1]    R0
0x0001       [1]    R1
0x0002       [1]    R2
0x0003       [1]    R3
0x0004       [1]    R4
0x0005       [1]    R5
0x0006       [1]    R6
0x0007       [1]    R7
0x0008       [1]    R8
0x0009       [1]    R9
0x000A       [1]    R10
0x000B       [1]    R11
0x000C       [1]    R12
0x000D       [1]    R13
0x000E       [1]    R14
0x000F       [1]    R15
0x0010       [1]    R16
0x0011       [1]    R17
0x0012       [1]    R18
0x0013       [1]    R19
0x0014       [1]    R20
0x0F81       [1]    PORTB
0x0F93       [1]    TRISB
0x0FB4       [1]    CMCON
0x0FC1       [1]    ADCON1
0x0FD0       [1]    RCON
0x0FD8       [1]    STATUS
0x0FD9       [1]    FSR2L
0x0FDA       [1]    FSR2H
0x0FDE       [1]    POSTINC2
0x0FE0       [1]    BSR
0x0FE1       [1]    FSR1L
0x0FE2       [1]    FSR1H
0x0FE4       [1]    PREINC1
0x0FE6       [1]    POSTINC1
0x0FE7       [1]    INDF1
0x0FE8       [1]    WREG
0x0FE9       [1]    FSR0L
0x0FEA       [1]    FSR0H
0x0FEE       [1]    POSTINC0
0x0FF1       [1]    INTCON2
0x0FF2       [1]    INTCON
0x0FF3       [1]    PRODL
0x0FF4       [1]    PRODH
0x0FF5       [1]    TABLAT
0x0FF6       [1]    TBLPTRL
0x0FF7       [1]    TBLPTRH
0x0FF8       [1]    TBLPTRU
