;  LST file generated by mikroListExporter - v.2.0 
; Date/Time: 25.03.2023 19:07:29
;----------------------------------------------

;Address Opcode 	ASM
0x0000	0xF000EF0E  	GOTO        28
0x0004	0x0000      	NOP
0x0006	0x0000      	NOP
0x0008	0xF000EF00  	GOTO        0
0x000C	0x0000      	NOP
0x000E	0x0000      	NOP
0x0010	0x0000      	NOP
0x0012	0x0000      	NOP
0x0014	0x0000      	NOP
0x0016	0x0000      	NOP
0x0018	0xD7F3      	BRA         0
_main:
;blink_buton.c,22 :: 		void main() {
;blink_buton.c,23 :: 		ADCON1 |=0x0F;
0x001C	0x0E0F      	MOVLW       15
0x001E	0x12C1      	IORWF       ADCON1, 1 
;blink_buton.c,24 :: 		CMCON  |=0x00;
;blink_buton.c,26 :: 		TRISA=0;
0x0020	0x6A92      	CLRF        TRISA 
;blink_buton.c,27 :: 		TRISB=0b11000001;
0x0022	0x0EC1      	MOVLW       193
0x0024	0x6E93      	MOVWF       TRISB 
;blink_buton.c,28 :: 		PORTB=0x00;
0x0026	0x6A81      	CLRF        PORTB 
;blink_buton.c,30 :: 		while(1){
L_main0:
;blink_buton.c,31 :: 		if(button)
0x0028	0xAE81      	BTFSS       PORTB, 7 
0x002A	0xD004      	BRA         L_main2
;blink_buton.c,33 :: 		led=1;
0x002C	0x8880      	BSF         PORTA, 4 
;blink_buton.c,34 :: 		while(button){}
L_main3:
0x002E	0xAE81      	BTFSS       PORTB, 7 
0x0030	0xD001      	BRA         L_main4
0x0032	0xD7FD      	BRA         L_main3
L_main4:
;blink_buton.c,35 :: 		}
L_main2:
;blink_buton.c,37 :: 		led=0;
0x0034	0x9880      	BCF         PORTA, 4 
;blink_buton.c,38 :: 		}
0x0036	0xD7F8      	BRA         L_main0
;blink_buton.c,40 :: 		}
L_end_main:
0x0038	0xD7FF      	BRA         $+0
; end of _main
Symbol List:
//** Routines locations **
//ADDRESS    SIZE    PROCEDURE
//----------------------------------------------
0x001C      [30]    _main
//** Variables locations ** 
//ADDRESS    SIZE    VARIABLE
//----------------------------------------------
0x0000       [1]    R0
0x0001       [1]    R1
0x0002       [1]    R2
0x0003       [1]    R3
0x0004       [1]    R4
0x0005       [1]    R5
0x0006       [1]    R6
0x0007       [1]    R7
0x0008       [1]    R8
0x0009       [1]    R9
0x000A       [1]    R10
0x000B       [1]    R11
0x000C       [1]    R12
0x000D       [1]    R13
0x000E       [1]    R14
0x000F       [1]    R15
0x0010       [1]    R16
0x0011       [1]    R17
0x0012       [1]    R18
0x0013       [1]    R19
0x0014       [1]    R20
0x0F80       [1]    PORTA
0x0F81       [1]    PORTB
0x0F92       [1]    TRISA
0x0F93       [1]    TRISB
0x0FB4       [1]    CMCON
0x0FC1       [1]    ADCON1
0x0FD8       [1]    STATUS
0x0FD9       [1]    FSR2L
0x0FDA       [1]    FSR2H
0x0FDE       [1]    POSTINC2
0x0FE0       [1]    BSR
0x0FE1       [1]    FSR1L
0x0FE2       [1]    FSR1H
0x0FE4       [1]    PREINC1
0x0FE6       [1]    POSTINC1
0x0FE7       [1]    INDF1
0x0FE8       [1]    WREG
0x0FE9       [1]    FSR0L
0x0FEA       [1]    FSR0H
0x0FEE       [1]    POSTINC0
0x0FF3       [1]    PRODL
0x0FF4       [1]    PRODH
0x0FF5       [1]    TABLAT
0x0FF6       [1]    TBLPTRL
0x0FF7       [1]    TBLPTRH
0x0FF8       [1]    TBLPTRU
