;  LST file generated by mikroListExporter - v.2.0 
; Date/Time: 16.02.2023 13:42:50
;----------------------------------------------

;Address Opcode 	ASM
0x0000	0xF000EF2C  	GOTO        88
_interrupt:
;timer0.c,6 :: 		void interrupt()
0x0008	0xF015C000  	MOVFF       R0, 21
;timer0.c,8 :: 		if(INTCON.TMR0IF) //  Her 500us de bir flag aktif olacak.
0x000C	0xA4F2      	BTFSS       INTCON, 2 
0x000E	0xD00E      	BRA         L_interrupt0
;timer0.c,10 :: 		sayac++;
0x0010	0x4A16      	INFSNZ      _sayac, 1 
0x0012	0x2A17      	INCF        _sayac+1, 1 
;timer0.c,11 :: 		TMR0L=0x06;
0x0014	0x0E06      	MOVLW       6
0x0016	0x6ED6      	MOVWF       TMR0L 
;timer0.c,12 :: 		if(sayac>=200)    // Her 100 ms de bir iþlem görecek
0x0018	0x0E00      	MOVLW       0
0x001A	0x5C17      	SUBWF       _sayac+1, 0 
0x001C	0xE102      	BNZ         L__interrupt9
0x001E	0x0EC8      	MOVLW       200
0x0020	0x5C16      	SUBWF       _sayac, 0 
L__interrupt9:
0x0022	0xE303      	BNC         L_interrupt1
;timer0.c,14 :: 		interrupt_led = ~interrupt_led;
0x0024	0x7281      	BTG         PORTB, 1 
;timer0.c,15 :: 		sayac=0;
0x0026	0x6A16      	CLRF        _sayac 
0x0028	0x6A17      	CLRF        _sayac+1 
;timer0.c,16 :: 		}
L_interrupt1:
;timer0.c,18 :: 		INTCON.TMR0IF=0;
0x002A	0x94F2      	BCF         INTCON, 2 
;timer0.c,19 :: 		}
L_interrupt0:
;timer0.c,20 :: 		}
L_end_interrupt:
L__interrupt8:
0x002C	0xF000C015  	MOVFF       21, R0
0x0030	0x0011      	RETFIE      1
; end of _interrupt
___CC2DW:
;__Lib_System.c,21 :: 		
;__Lib_System.c,23 :: 		
_CC2DL_Loop1:
;__Lib_System.c,24 :: 		
0x0032	0x0009      	TBLRD*+
;__Lib_System.c,25 :: 		
0x0034	0xFFE6CFF5  	MOVFF       TABLAT, POSTINC1
;__Lib_System.c,26 :: 		
0x0038	0x0600      	DECF        R0, 1, 0
;__Lib_System.c,27 :: 		
0x003A	0xE1FB      	BNZ         _CC2DL_Loop1
;__Lib_System.c,28 :: 		
0x003C	0x0601      	DECF        R1, 1, 0
;__Lib_System.c,29 :: 		
0x003E	0xE1F9      	BNZ         _CC2DL_Loop1
;__Lib_System.c,31 :: 		
L_end___CC2DW:
0x0040	0x0012      	RETURN      0
; end of ___CC2DW
_kurulum:
;timer0.c,25 :: 		void kurulum()
;timer0.c,27 :: 		ADCON1 |= 0x0F;
0x0042	0x0E0F      	MOVLW       15
0x0044	0x12C1      	IORWF       ADCON1, 1 
;timer0.c,30 :: 		TRISB=0;  //B portu çýkýr olarak ayarlandý.
0x0046	0x6A93      	CLRF        TRISB 
;timer0.c,31 :: 		PORTB=0; // Sinyal seviyesi low'a çekildi
0x0048	0x6A81      	CLRF        PORTB 
;timer0.c,33 :: 		T0CON=0xC0;
0x004A	0x0EC0      	MOVLW       192
0x004C	0x6ED5      	MOVWF       T0CON 
;timer0.c,34 :: 		INTCON=0xC0;
0x004E	0x0EC0      	MOVLW       192
0x0050	0x6EF2      	MOVWF       INTCON 
;timer0.c,35 :: 		INTCON.TMR0IE=1;
0x0052	0x8AF2      	BSF         INTCON, 5 
;timer0.c,36 :: 		INTCON.TMR0IF=0;
0x0054	0x94F2      	BCF         INTCON, 2 
;timer0.c,39 :: 		}
L_end_kurulum:
0x0056	0x0012      	RETURN      0
; end of _kurulum
_main:
;timer0.c,41 :: 		void main() {
;timer0.c,42 :: 		kurulum();
0x0058	0xDFF4      	RCALL       _kurulum
;timer0.c,44 :: 		for(;;)
L_main2:
;timer0.c,46 :: 		loop_led=1;
0x005A	0x8081      	BSF         PORTB, 0 
;timer0.c,47 :: 		delay_ms(1000);
0x005C	0x0E06      	MOVLW       6
0x005E	0x6E0B      	MOVWF       R11, 0
0x0060	0x0E13      	MOVLW       19
0x0062	0x6E0C      	MOVWF       R12, 0
0x0064	0x0EAD      	MOVLW       173
0x0066	0x6E0D      	MOVWF       R13, 0
L_main5:
0x0068	0x2E0D      	DECFSZ      R13, 1, 0
0x006A	0xD7FE      	BRA         L_main5
0x006C	0x2E0C      	DECFSZ      R12, 1, 0
0x006E	0xD7FC      	BRA         L_main5
0x0070	0x2E0B      	DECFSZ      R11, 1, 0
0x0072	0xD7FA      	BRA         L_main5
0x0074	0x0000      	NOP
0x0076	0x0000      	NOP
;timer0.c,48 :: 		loop_led=0;
0x0078	0x9081      	BCF         PORTB, 0 
;timer0.c,49 :: 		delay_ms(1000);
0x007A	0x0E06      	MOVLW       6
0x007C	0x6E0B      	MOVWF       R11, 0
0x007E	0x0E13      	MOVLW       19
0x0080	0x6E0C      	MOVWF       R12, 0
0x0082	0x0EAD      	MOVLW       173
0x0084	0x6E0D      	MOVWF       R13, 0
L_main6:
0x0086	0x2E0D      	DECFSZ      R13, 1, 0
0x0088	0xD7FE      	BRA         L_main6
0x008A	0x2E0C      	DECFSZ      R12, 1, 0
0x008C	0xD7FC      	BRA         L_main6
0x008E	0x2E0B      	DECFSZ      R11, 1, 0
0x0090	0xD7FA      	BRA         L_main6
0x0092	0x0000      	NOP
0x0094	0x0000      	NOP
;timer0.c,51 :: 		}
0x0096	0xD7E1      	BRA         L_main2
;timer0.c,52 :: 		}
L_end_main:
0x0098	0xD7FF      	BRA         $+0
; end of _main
Symbol List:
//** Routines locations **
//ADDRESS    SIZE    PROCEDURE
//----------------------------------------------
0x0008      [42]    _interrupt
0x0032      [16]    ___CC2DW
0x0042      [22]    _kurulum
0x0058      [66]    _main
//** Variables locations ** 
//ADDRESS    SIZE    VARIABLE
//----------------------------------------------
0x0000       [1]    R0
0x0001       [1]    R1
0x0002       [1]    R2
0x0003       [1]    R3
0x0004       [1]    R4
0x0005       [1]    R5
0x0006       [1]    R6
0x0007       [1]    R7
0x0008       [1]    R8
0x0009       [1]    R9
0x000A       [1]    R10
0x000B       [1]    R11
0x000C       [1]    R12
0x000D       [1]    R13
0x000E       [1]    R14
0x000F       [1]    R15
0x0010       [1]    R16
0x0011       [1]    R17
0x0012       [1]    R18
0x0013       [1]    R19
0x0014       [1]    R20
0x0016       [2]    _sayac
0x0F81       [1]    PORTB
0x0F93       [1]    TRISB
0x0FB4       [1]    CMCON
0x0FC1       [1]    ADCON1
0x0FD5       [1]    T0CON
0x0FD6       [1]    TMR0L
0x0FD8       [1]    STATUS
0x0FD9       [1]    FSR2L
0x0FDA       [1]    FSR2H
0x0FDE       [1]    POSTINC2
0x0FE0       [1]    BSR
0x0FE1       [1]    FSR1L
0x0FE2       [1]    FSR1H
0x0FE4       [1]    PREINC1
0x0FE6       [1]    POSTINC1
0x0FE7       [1]    INDF1
0x0FE8       [1]    WREG
0x0FE9       [1]    FSR0L
0x0FEA       [1]    FSR0H
0x0FEE       [1]    POSTINC0
0x0FF2       [1]    INTCON
0x0FF3       [1]    PRODL
0x0FF4       [1]    PRODH
0x0FF5       [1]    TABLAT
0x0FF6       [1]    TBLPTRL
0x0FF7       [1]    TBLPTRH
0x0FF8       [1]    TBLPTRU
