;  LST file generated by mikroListExporter - v.2.0 
; Date/Time: 16.02.2023 13:08:05
;----------------------------------------------

;Address Opcode 	ASM
0x0000	0xF001EF3C  	GOTO        632
0x0004	0x0000      	NOP
0x0006	0x0000      	NOP
0x0008	0xF000EF00  	GOTO        0
0x000C	0x0000      	NOP
0x000E	0x0000      	NOP
0x0010	0x0000      	NOP
0x0012	0x0000      	NOP
0x0014	0x0000      	NOP
0x0016	0x0000      	NOP
0x0018	0xD7F3      	BRA         0
_Delay_50us:
;__Lib_Delays.c,19 :: 		void Delay_50us() {
;__Lib_Delays.c,20 :: 		Delay_us(50);
0x001C	0x0E10      	MOVLW       16
0x001E	0x6E0D      	MOVWF       R13, 0
L_Delay_50us2:
0x0020	0x2E0D      	DECFSZ      R13, 1, 0
0x0022	0xD7FE      	BRA         L_Delay_50us2
0x0024	0x0000      	NOP
;__Lib_Delays.c,21 :: 		}
L_end_Delay_50us:
0x0026	0x0012      	RETURN      0
; end of _Delay_50us
_Delay_5500us:
;__Lib_Delays.c,31 :: 		void Delay_5500us() {
;__Lib_Delays.c,32 :: 		Delay_us(5500);
0x0028	0x0E08      	MOVLW       8
0x002A	0x6E0C      	MOVWF       R12, 0
0x002C	0x0E23      	MOVLW       35
0x002E	0x6E0D      	MOVWF       R13, 0
L_Delay_5500us5:
0x0030	0x2E0D      	DECFSZ      R13, 1, 0
0x0032	0xD7FE      	BRA         L_Delay_5500us5
0x0034	0x2E0C      	DECFSZ      R12, 1, 0
0x0036	0xD7FC      	BRA         L_Delay_5500us5
;__Lib_Delays.c,33 :: 		}
L_end_Delay_5500us:
0x0038	0x0012      	RETURN      0
; end of _Delay_5500us
_Delay_1us:
;__Lib_Delays.c,7 :: 		void Delay_1us() {
;__Lib_Delays.c,8 :: 		Delay_us(1);
0x003A	0x0000      	NOP
;__Lib_Delays.c,9 :: 		}
L_end_Delay_1us:
0x003C	0x0012      	RETURN      0
; end of _Delay_1us
_Lcd_Cmd:
;__Lib_Lcd.c,18 :: 		
;__Lib_Lcd.c,20 :: 		
0x003E	0xBE2C      	BTFSC       FARG_Lcd_Cmd_out_char, 7 
0x0040	0xD002      	BRA         L__Lcd_Cmd21
0x0042	0x9E83      	BCF         LCD_D7, BitPos(LCD_D7+0) 
0x0044	0xD001      	BRA         L__Lcd_Cmd22
L__Lcd_Cmd21:
0x0046	0x8E83      	BSF         LCD_D7, BitPos(LCD_D7+0) 
L__Lcd_Cmd22:
;__Lib_Lcd.c,21 :: 		
0x0048	0xBC2C      	BTFSC       FARG_Lcd_Cmd_out_char, 6 
0x004A	0xD002      	BRA         L__Lcd_Cmd23
0x004C	0x9C83      	BCF         LCD_D6, BitPos(LCD_D6+0) 
0x004E	0xD001      	BRA         L__Lcd_Cmd24
L__Lcd_Cmd23:
0x0050	0x8C83      	BSF         LCD_D6, BitPos(LCD_D6+0) 
L__Lcd_Cmd24:
;__Lib_Lcd.c,22 :: 		
0x0052	0xBA2C      	BTFSC       FARG_Lcd_Cmd_out_char, 5 
0x0054	0xD002      	BRA         L__Lcd_Cmd25
0x0056	0x9A83      	BCF         LCD_D5, BitPos(LCD_D5+0) 
0x0058	0xD001      	BRA         L__Lcd_Cmd26
L__Lcd_Cmd25:
0x005A	0x8A83      	BSF         LCD_D5, BitPos(LCD_D5+0) 
L__Lcd_Cmd26:
;__Lib_Lcd.c,23 :: 		
0x005C	0xB82C      	BTFSC       FARG_Lcd_Cmd_out_char, 4 
0x005E	0xD002      	BRA         L__Lcd_Cmd27
0x0060	0x9883      	BCF         LCD_D4, BitPos(LCD_D4+0) 
0x0062	0xD001      	BRA         L__Lcd_Cmd28
L__Lcd_Cmd27:
0x0064	0x8883      	BSF         LCD_D4, BitPos(LCD_D4+0) 
L__Lcd_Cmd28:
;__Lib_Lcd.c,25 :: 		
0x0066	0xB025      	BTFSC       __Lib_Lcd_cmd_status, BitPos(__Lib_Lcd_cmd_status+0) 
0x0068	0xD002      	BRA         L__Lcd_Cmd29
0x006A	0x8483      	BSF         LCD_RS, BitPos(LCD_RS+0) 
0x006C	0xD001      	BRA         L__Lcd_Cmd30
L__Lcd_Cmd29:
0x006E	0x9483      	BCF         LCD_RS, BitPos(LCD_RS+0) 
L__Lcd_Cmd30:
;__Lib_Lcd.c,28 :: 		
0x0070	0x8683      	BSF         LCD_EN, BitPos(LCD_EN+0) 
;__Lib_Lcd.c,29 :: 		
0x0072	0xDFE3      	RCALL       _Delay_1us
;__Lib_Lcd.c,30 :: 		
0x0074	0x9683      	BCF         LCD_EN, BitPos(LCD_EN+0) 
;__Lib_Lcd.c,33 :: 		
0x0076	0xB62C      	BTFSC       FARG_Lcd_Cmd_out_char, 3 
0x0078	0xD002      	BRA         L__Lcd_Cmd31
0x007A	0x9E83      	BCF         LCD_D7, BitPos(LCD_D7+0) 
0x007C	0xD001      	BRA         L__Lcd_Cmd32
L__Lcd_Cmd31:
0x007E	0x8E83      	BSF         LCD_D7, BitPos(LCD_D7+0) 
L__Lcd_Cmd32:
;__Lib_Lcd.c,34 :: 		
0x0080	0xB42C      	BTFSC       FARG_Lcd_Cmd_out_char, 2 
0x0082	0xD002      	BRA         L__Lcd_Cmd33
0x0084	0x9C83      	BCF         LCD_D6, BitPos(LCD_D6+0) 
0x0086	0xD001      	BRA         L__Lcd_Cmd34
L__Lcd_Cmd33:
0x0088	0x8C83      	BSF         LCD_D6, BitPos(LCD_D6+0) 
L__Lcd_Cmd34:
;__Lib_Lcd.c,35 :: 		
0x008A	0xB22C      	BTFSC       FARG_Lcd_Cmd_out_char, 1 
0x008C	0xD002      	BRA         L__Lcd_Cmd35
0x008E	0x9A83      	BCF         LCD_D5, BitPos(LCD_D5+0) 
0x0090	0xD001      	BRA         L__Lcd_Cmd36
L__Lcd_Cmd35:
0x0092	0x8A83      	BSF         LCD_D5, BitPos(LCD_D5+0) 
L__Lcd_Cmd36:
;__Lib_Lcd.c,36 :: 		
0x0094	0xB02C      	BTFSC       FARG_Lcd_Cmd_out_char, 0 
0x0096	0xD002      	BRA         L__Lcd_Cmd37
0x0098	0x9883      	BCF         LCD_D4, BitPos(LCD_D4+0) 
0x009A	0xD001      	BRA         L__Lcd_Cmd38
L__Lcd_Cmd37:
0x009C	0x8883      	BSF         LCD_D4, BitPos(LCD_D4+0) 
L__Lcd_Cmd38:
;__Lib_Lcd.c,38 :: 		
0x009E	0xB025      	BTFSC       __Lib_Lcd_cmd_status, BitPos(__Lib_Lcd_cmd_status+0) 
0x00A0	0xD002      	BRA         L__Lcd_Cmd39
0x00A2	0x8483      	BSF         LCD_RS, BitPos(LCD_RS+0) 
0x00A4	0xD001      	BRA         L__Lcd_Cmd40
L__Lcd_Cmd39:
0x00A6	0x9483      	BCF         LCD_RS, BitPos(LCD_RS+0) 
L__Lcd_Cmd40:
;__Lib_Lcd.c,40 :: 		
0x00A8	0x8683      	BSF         LCD_EN, BitPos(LCD_EN+0) 
;__Lib_Lcd.c,41 :: 		
0x00AA	0xDFC7      	RCALL       _Delay_1us
;__Lib_Lcd.c,42 :: 		
0x00AC	0x9683      	BCF         LCD_EN, BitPos(LCD_EN+0) 
;__Lib_Lcd.c,44 :: 		
0x00AE	0xA025      	BTFSS       __Lib_Lcd_cmd_status, BitPos(__Lib_Lcd_cmd_status+0) 
0x00B0	0xD002      	BRA         L_Lcd_Cmd0
;__Lib_Lcd.c,45 :: 		
0x00B2	0xDFBA      	RCALL       _Delay_5500us
0x00B4	0xD001      	BRA         L_Lcd_Cmd1
L_Lcd_Cmd0:
;__Lib_Lcd.c,47 :: 		
0x00B6	0xDFB2      	RCALL       _Delay_50us
L_Lcd_Cmd1:
;__Lib_Lcd.c,48 :: 		
L_end_Lcd_Cmd:
0x00B8	0x0012      	RETURN      0
; end of _Lcd_Cmd
_Lcd_Chr_CP:
;__Lib_Lcd.c,50 :: 		
;__Lib_Lcd.c,52 :: 		
0x00BA	0x9025      	BCF         __Lib_Lcd_cmd_status, BitPos(__Lib_Lcd_cmd_status+0) 
;__Lib_Lcd.c,53 :: 		
0x00BC	0xF02CC02B  	MOVFF       FARG_Lcd_Chr_CP_out_char, FARG_Lcd_Cmd_out_char
0x00C0	0xDFBE      	RCALL       _Lcd_Cmd
;__Lib_Lcd.c,54 :: 		
0x00C2	0x8025      	BSF         __Lib_Lcd_cmd_status, BitPos(__Lib_Lcd_cmd_status+0) 
;__Lib_Lcd.c,55 :: 		
L_end_Lcd_Chr_CP:
0x00C4	0x0012      	RETURN      0
; end of _Lcd_Chr_CP
_CustomChar0:
;lcd_ekran.c,19 :: 		void CustomChar0() {
;lcd_ekran.c,21 :: 		Lcd_Cmd(64);
0x00C6	0x0E40      	MOVLW       64
0x00C8	0x6E2C      	MOVWF       FARG_Lcd_Cmd_out_char 
0x00CA	0xDFB9      	RCALL       _Lcd_Cmd
;lcd_ekran.c,22 :: 		for (i = 0; i<=7; i++) Lcd_Chr_CP(character0[i]);
0x00CC	0x6A26      	CLRF        CustomChar0_i_L0 
L_CustomChar00:
0x00CE	0x5026      	MOVF        CustomChar0_i_L0, 0 
0x00D0	0x0807      	SUBLW       7
0x00D2	0xE311      	BNC         L_CustomChar01
0x00D4	0x0E26      	MOVLW       _character0
0x00D6	0x2426      	ADDWF       CustomChar0_i_L0, 0 
0x00D8	0x6EF6      	MOVWF       TBLPTR 
0x00DA	0x0E03      	MOVLW       hi_addr(_character0)
0x00DC	0x6EF7      	MOVWF       TBLPTR+1 
0x00DE	0x0E00      	MOVLW       0
0x00E0	0x22F7      	ADDWFC      TBLPTR+1, 1 
0x00E2	0x0E00      	MOVLW       higher_addr(_character0)
0x00E4	0x6EF8      	MOVWF       TBLPTR+2 
0x00E6	0x0E00      	MOVLW       0
0x00E8	0x22F8      	ADDWFC      TBLPTR+2, 1 
0x00EA	0x0009      	TBLRD*+
0x00EC	0xF02BCFF5  	MOVFF       TABLAT, FARG_Lcd_Chr_CP_out_char
0x00F0	0xDFE4      	RCALL       _Lcd_Chr_CP
0x00F2	0x2A26      	INCF        CustomChar0_i_L0, 1 
0x00F4	0xD7EC      	BRA         L_CustomChar00
L_CustomChar01:
;lcd_ekran.c,23 :: 		Lcd_Cmd(_LCD_RETURN_HOME);
0x00F6	0x0E02      	MOVLW       2
0x00F8	0x6E2C      	MOVWF       FARG_Lcd_Cmd_out_char 
0x00FA	0xDFA1      	RCALL       _Lcd_Cmd
;lcd_ekran.c,25 :: 		}
L_end_CustomChar0:
0x00FC	0x0012      	RETURN      0
; end of _CustomChar0
_Lcd_Init:
;__Lib_Lcd.c,84 :: 		
;__Lib_Lcd.c,86 :: 		
0x00FE	0x9695      	BCF         LCD_EN_Direction, BitPos(LCD_EN_Direction+0) 
;__Lib_Lcd.c,87 :: 		
0x0100	0x9495      	BCF         LCD_RS_Direction, BitPos(LCD_RS_Direction+0) 
;__Lib_Lcd.c,88 :: 		
0x0102	0x9895      	BCF         LCD_D4_Direction, BitPos(LCD_D4_Direction+0) 
;__Lib_Lcd.c,89 :: 		
0x0104	0x9A95      	BCF         LCD_D5_Direction, BitPos(LCD_D5_Direction+0) 
;__Lib_Lcd.c,90 :: 		
0x0106	0x9C95      	BCF         LCD_D6_Direction, BitPos(LCD_D6_Direction+0) 
;__Lib_Lcd.c,91 :: 		
0x0108	0x9E95      	BCF         LCD_D7_Direction, BitPos(LCD_D7_Direction+0) 
;__Lib_Lcd.c,93 :: 		
0x010A	0x9683      	BCF         LCD_EN, BitPos(LCD_EN+0) 
;__Lib_Lcd.c,94 :: 		
0x010C	0x9483      	BCF         LCD_RS, BitPos(LCD_RS+0) 
;__Lib_Lcd.c,95 :: 		
0x010E	0x9E83      	BCF         LCD_D7, BitPos(LCD_D7+0) 
;__Lib_Lcd.c,96 :: 		
0x0110	0x9C83      	BCF         LCD_D6, BitPos(LCD_D6+0) 
;__Lib_Lcd.c,97 :: 		
0x0112	0x9A83      	BCF         LCD_D5, BitPos(LCD_D5+0) 
;__Lib_Lcd.c,98 :: 		
0x0114	0x9883      	BCF         LCD_D4, BitPos(LCD_D4+0) 
;__Lib_Lcd.c,100 :: 		
0x0116	0xDF88      	RCALL       _Delay_5500us
;__Lib_Lcd.c,101 :: 		
0x0118	0xDF87      	RCALL       _Delay_5500us
;__Lib_Lcd.c,102 :: 		
0x011A	0xDF86      	RCALL       _Delay_5500us
;__Lib_Lcd.c,105 :: 		
0x011C	0x8A83      	BSF         LCD_D5, BitPos(LCD_D5+0) 
;__Lib_Lcd.c,106 :: 		
0x011E	0x8883      	BSF         LCD_D4, BitPos(LCD_D4+0) 
;__Lib_Lcd.c,107 :: 		
0x0120	0x8683      	BSF         LCD_EN, BitPos(LCD_EN+0) 
;__Lib_Lcd.c,108 :: 		
0x0122	0xDF8B      	RCALL       _Delay_1us
;__Lib_Lcd.c,109 :: 		
0x0124	0x9683      	BCF         LCD_EN, BitPos(LCD_EN+0) 
;__Lib_Lcd.c,110 :: 		
0x0126	0xDF80      	RCALL       _Delay_5500us
;__Lib_Lcd.c,112 :: 		
0x0128	0x8683      	BSF         LCD_EN, BitPos(LCD_EN+0) 
;__Lib_Lcd.c,113 :: 		
0x012A	0xDF87      	RCALL       _Delay_1us
;__Lib_Lcd.c,114 :: 		
0x012C	0x9683      	BCF         LCD_EN, BitPos(LCD_EN+0) 
;__Lib_Lcd.c,115 :: 		
0x012E	0xDF7C      	RCALL       _Delay_5500us
;__Lib_Lcd.c,117 :: 		
0x0130	0x8683      	BSF         LCD_EN, BitPos(LCD_EN+0) 
;__Lib_Lcd.c,118 :: 		
0x0132	0xDF83      	RCALL       _Delay_1us
;__Lib_Lcd.c,119 :: 		
0x0134	0x9683      	BCF         LCD_EN, BitPos(LCD_EN+0) 
;__Lib_Lcd.c,120 :: 		
0x0136	0xDF78      	RCALL       _Delay_5500us
;__Lib_Lcd.c,123 :: 		
0x0138	0x9883      	BCF         LCD_D4, BitPos(LCD_D4+0) 
;__Lib_Lcd.c,124 :: 		
0x013A	0x8683      	BSF         LCD_EN, BitPos(LCD_EN+0) 
;__Lib_Lcd.c,125 :: 		
0x013C	0xDF7E      	RCALL       _Delay_1us
;__Lib_Lcd.c,126 :: 		
0x013E	0x9683      	BCF         LCD_EN, BitPos(LCD_EN+0) 
;__Lib_Lcd.c,127 :: 		
0x0140	0xDF73      	RCALL       _Delay_5500us
;__Lib_Lcd.c,130 :: 		
0x0142	0x8683      	BSF         LCD_EN, BitPos(LCD_EN+0) 
;__Lib_Lcd.c,131 :: 		
0x0144	0xDF7A      	RCALL       _Delay_1us
;__Lib_Lcd.c,132 :: 		
0x0146	0x9683      	BCF         LCD_EN, BitPos(LCD_EN+0) 
;__Lib_Lcd.c,134 :: 		
0x0148	0x9A83      	BCF         LCD_D5, BitPos(LCD_D5+0) 
;__Lib_Lcd.c,135 :: 		
0x014A	0x8E83      	BSF         LCD_D7, BitPos(LCD_D7+0) 
;__Lib_Lcd.c,136 :: 		
0x014C	0x8683      	BSF         LCD_EN, BitPos(LCD_EN+0) 
;__Lib_Lcd.c,137 :: 		
0x014E	0xDF75      	RCALL       _Delay_1us
;__Lib_Lcd.c,138 :: 		
0x0150	0x9683      	BCF         LCD_EN, BitPos(LCD_EN+0) 
;__Lib_Lcd.c,139 :: 		
0x0152	0xDF6A      	RCALL       _Delay_5500us
;__Lib_Lcd.c,142 :: 		
0x0154	0x9E83      	BCF         LCD_D7, BitPos(LCD_D7+0) 
;__Lib_Lcd.c,143 :: 		
0x0156	0x8883      	BSF         LCD_D4, BitPos(LCD_D4+0) 
;__Lib_Lcd.c,144 :: 		
0x0158	0x8683      	BSF         LCD_EN, BitPos(LCD_EN+0) 
;__Lib_Lcd.c,145 :: 		
0x015A	0xDF6F      	RCALL       _Delay_1us
;__Lib_Lcd.c,146 :: 		
0x015C	0x9683      	BCF         LCD_EN, BitPos(LCD_EN+0) 
;__Lib_Lcd.c,148 :: 		
0x015E	0x9883      	BCF         LCD_D4, BitPos(LCD_D4+0) 
;__Lib_Lcd.c,149 :: 		
0x0160	0x8683      	BSF         LCD_EN, BitPos(LCD_EN+0) 
;__Lib_Lcd.c,150 :: 		
0x0162	0xDF6B      	RCALL       _Delay_1us
;__Lib_Lcd.c,151 :: 		
0x0164	0x9683      	BCF         LCD_EN, BitPos(LCD_EN+0) 
;__Lib_Lcd.c,152 :: 		
0x0166	0xDF60      	RCALL       _Delay_5500us
;__Lib_Lcd.c,155 :: 		
0x0168	0x8683      	BSF         LCD_EN, BitPos(LCD_EN+0) 
;__Lib_Lcd.c,156 :: 		
0x016A	0xDF67      	RCALL       _Delay_1us
;__Lib_Lcd.c,157 :: 		
0x016C	0x9683      	BCF         LCD_EN, BitPos(LCD_EN+0) 
;__Lib_Lcd.c,159 :: 		
0x016E	0x8883      	BSF         LCD_D4, BitPos(LCD_D4+0) 
;__Lib_Lcd.c,160 :: 		
0x0170	0x8683      	BSF         LCD_EN, BitPos(LCD_EN+0) 
;__Lib_Lcd.c,161 :: 		
0x0172	0xDF63      	RCALL       _Delay_1us
;__Lib_Lcd.c,162 :: 		
0x0174	0x9683      	BCF         LCD_EN, BitPos(LCD_EN+0) 
;__Lib_Lcd.c,163 :: 		
0x0176	0xDF58      	RCALL       _Delay_5500us
;__Lib_Lcd.c,166 :: 		
0x0178	0x9883      	BCF         LCD_D4, BitPos(LCD_D4+0) 
;__Lib_Lcd.c,167 :: 		
0x017A	0x8683      	BSF         LCD_EN, BitPos(LCD_EN+0) 
;__Lib_Lcd.c,168 :: 		
0x017C	0xDF5E      	RCALL       _Delay_1us
;__Lib_Lcd.c,169 :: 		
0x017E	0x9683      	BCF         LCD_EN, BitPos(LCD_EN+0) 
;__Lib_Lcd.c,171 :: 		
0x0180	0x8E83      	BSF         LCD_D7, BitPos(LCD_D7+0) 
;__Lib_Lcd.c,172 :: 		
0x0182	0x8C83      	BSF         LCD_D6, BitPos(LCD_D6+0) 
;__Lib_Lcd.c,173 :: 		
0x0184	0x8A83      	BSF         LCD_D5, BitPos(LCD_D5+0) 
;__Lib_Lcd.c,174 :: 		
0x0186	0x8883      	BSF         LCD_D4, BitPos(LCD_D4+0) 
;__Lib_Lcd.c,175 :: 		
0x0188	0x8683      	BSF         LCD_EN, BitPos(LCD_EN+0) 
;__Lib_Lcd.c,176 :: 		
0x018A	0xDF57      	RCALL       _Delay_1us
;__Lib_Lcd.c,177 :: 		
0x018C	0x9683      	BCF         LCD_EN, BitPos(LCD_EN+0) 
;__Lib_Lcd.c,179 :: 		
0x018E	0xDF4C      	RCALL       _Delay_5500us
;__Lib_Lcd.c,181 :: 		
0x0190	0x8025      	BSF         __Lib_Lcd_cmd_status, BitPos(__Lib_Lcd_cmd_status+0) 
;__Lib_Lcd.c,182 :: 		
L_end_Lcd_Init:
0x0192	0x0012      	RETURN      0
; end of _Lcd_Init
___CC2DW:
;__Lib_System.c,21 :: 		
;__Lib_System.c,23 :: 		
_CC2DL_Loop1:
;__Lib_System.c,24 :: 		
0x0194	0x0009      	TBLRD*+
;__Lib_System.c,25 :: 		
0x0196	0xFFE6CFF5  	MOVFF       TABLAT, POSTINC1
;__Lib_System.c,26 :: 		
0x019A	0x0600      	DECF        R0, 1, 0
;__Lib_System.c,27 :: 		
0x019C	0xE1FB      	BNZ         _CC2DL_Loop1
;__Lib_System.c,28 :: 		
0x019E	0x0601      	DECF        R1, 1, 0
;__Lib_System.c,29 :: 		
0x01A0	0xE1F9      	BNZ         _CC2DL_Loop1
;__Lib_System.c,31 :: 		
L_end___CC2DW:
0x01A2	0x0012      	RETURN      0
; end of ___CC2DW
_Lcd_Chr:
;__Lib_Lcd.c,65 :: 		
;__Lib_Lcd.c,66 :: 		
0x01A4	0xD00F      	BRA         L_Lcd_Chr4
;__Lib_Lcd.c,67 :: 		
L_Lcd_Chr6:
0x01A6	0x0E80      	MOVLW       128
0x01A8	0x6E26      	MOVWF       FARG_Lcd_Chr_row 
0x01AA	0xD019      	BRA         L_Lcd_Chr5
;__Lib_Lcd.c,68 :: 		
L_Lcd_Chr7:
0x01AC	0x0EC0      	MOVLW       192
0x01AE	0x6E26      	MOVWF       FARG_Lcd_Chr_row 
0x01B0	0xD016      	BRA         L_Lcd_Chr5
;__Lib_Lcd.c,69 :: 		
L_Lcd_Chr8:
0x01B2	0x0E94      	MOVLW       148
0x01B4	0x6E26      	MOVWF       FARG_Lcd_Chr_row 
0x01B6	0xD013      	BRA         L_Lcd_Chr5
;__Lib_Lcd.c,70 :: 		
L_Lcd_Chr9:
0x01B8	0x0ED4      	MOVLW       212
0x01BA	0x6E26      	MOVWF       FARG_Lcd_Chr_row 
0x01BC	0xD010      	BRA         L_Lcd_Chr5
;__Lib_Lcd.c,71 :: 		
L_Lcd_Chr10:
0x01BE	0x0E80      	MOVLW       128
0x01C0	0x6E26      	MOVWF       FARG_Lcd_Chr_row 
;__Lib_Lcd.c,72 :: 		
0x01C2	0xD00D      	BRA         L_Lcd_Chr5
L_Lcd_Chr4:
0x01C4	0x5026      	MOVF        FARG_Lcd_Chr_row, 0 
0x01C6	0x0A01      	XORLW       1
0x01C8	0xE0EE      	BZ          L_Lcd_Chr6
0x01CA	0x5026      	MOVF        FARG_Lcd_Chr_row, 0 
0x01CC	0x0A02      	XORLW       2
0x01CE	0xE0EE      	BZ          L_Lcd_Chr7
0x01D0	0x5026      	MOVF        FARG_Lcd_Chr_row, 0 
0x01D2	0x0A03      	XORLW       3
0x01D4	0xE0EE      	BZ          L_Lcd_Chr8
0x01D6	0x5026      	MOVF        FARG_Lcd_Chr_row, 0 
0x01D8	0x0A04      	XORLW       4
0x01DA	0xE0EE      	BZ          L_Lcd_Chr9
0x01DC	0xD7F0      	BRA         L_Lcd_Chr10
L_Lcd_Chr5:
;__Lib_Lcd.c,74 :: 		
0x01DE	0x0427      	DECF        FARG_Lcd_Chr_column, 0 
0x01E0	0x6E00      	MOVWF       R0 
0x01E2	0x5026      	MOVF        FARG_Lcd_Chr_row, 0 
0x01E4	0x2600      	ADDWF       R0, 1 
0x01E6	0xF026C000  	MOVFF       R0, FARG_Lcd_Chr_row
;__Lib_Lcd.c,76 :: 		
0x01EA	0x8025      	BSF         __Lib_Lcd_cmd_status, BitPos(__Lib_Lcd_cmd_status+0) 
;__Lib_Lcd.c,77 :: 		
0x01EC	0xF02CC000  	MOVFF       R0, FARG_Lcd_Cmd_out_char
0x01F0	0xDF26      	RCALL       _Lcd_Cmd
;__Lib_Lcd.c,79 :: 		
0x01F2	0x9025      	BCF         __Lib_Lcd_cmd_status, BitPos(__Lib_Lcd_cmd_status+0) 
;__Lib_Lcd.c,80 :: 		
0x01F4	0xF02CC028  	MOVFF       FARG_Lcd_Chr_out_char, FARG_Lcd_Cmd_out_char
0x01F8	0xDF22      	RCALL       _Lcd_Cmd
;__Lib_Lcd.c,81 :: 		
0x01FA	0x8025      	BSF         __Lib_Lcd_cmd_status, BitPos(__Lib_Lcd_cmd_status+0) 
;__Lib_Lcd.c,82 :: 		
L_end_Lcd_Chr:
0x01FC	0x0012      	RETURN      0
; end of _Lcd_Chr
_Lcd_Out:
;__Lib_Lcd.c,184 :: 		
;__Lib_Lcd.c,187 :: 		
0x01FE	0xD00F      	BRA         L_Lcd_Out11
;__Lib_Lcd.c,188 :: 		
L_Lcd_Out13:
0x0200	0x0E80      	MOVLW       128
0x0202	0x6E26      	MOVWF       FARG_Lcd_Out_row 
0x0204	0xD019      	BRA         L_Lcd_Out12
;__Lib_Lcd.c,189 :: 		
L_Lcd_Out14:
0x0206	0x0EC0      	MOVLW       192
0x0208	0x6E26      	MOVWF       FARG_Lcd_Out_row 
0x020A	0xD016      	BRA         L_Lcd_Out12
;__Lib_Lcd.c,190 :: 		
L_Lcd_Out15:
0x020C	0x0E94      	MOVLW       148
0x020E	0x6E26      	MOVWF       FARG_Lcd_Out_row 
0x0210	0xD013      	BRA         L_Lcd_Out12
;__Lib_Lcd.c,191 :: 		
L_Lcd_Out16:
0x0212	0x0ED4      	MOVLW       212
0x0214	0x6E26      	MOVWF       FARG_Lcd_Out_row 
0x0216	0xD010      	BRA         L_Lcd_Out12
;__Lib_Lcd.c,192 :: 		
L_Lcd_Out17:
0x0218	0x0E80      	MOVLW       128
0x021A	0x6E26      	MOVWF       FARG_Lcd_Out_row 
;__Lib_Lcd.c,193 :: 		
0x021C	0xD00D      	BRA         L_Lcd_Out12
L_Lcd_Out11:
0x021E	0x5026      	MOVF        FARG_Lcd_Out_row, 0 
0x0220	0x0A01      	XORLW       1
0x0222	0xE0EE      	BZ          L_Lcd_Out13
0x0224	0x5026      	MOVF        FARG_Lcd_Out_row, 0 
0x0226	0x0A02      	XORLW       2
0x0228	0xE0EE      	BZ          L_Lcd_Out14
0x022A	0x5026      	MOVF        FARG_Lcd_Out_row, 0 
0x022C	0x0A03      	XORLW       3
0x022E	0xE0EE      	BZ          L_Lcd_Out15
0x0230	0x5026      	MOVF        FARG_Lcd_Out_row, 0 
0x0232	0x0A04      	XORLW       4
0x0234	0xE0EE      	BZ          L_Lcd_Out16
0x0236	0xD7F0      	BRA         L_Lcd_Out17
L_Lcd_Out12:
;__Lib_Lcd.c,194 :: 		
0x0238	0x0427      	DECF        FARG_Lcd_Out_column, 0 
0x023A	0x6E00      	MOVWF       R0 
0x023C	0x5026      	MOVF        FARG_Lcd_Out_row, 0 
0x023E	0x2600      	ADDWF       R0, 1 
0x0240	0xF026C000  	MOVFF       R0, FARG_Lcd_Out_row
;__Lib_Lcd.c,196 :: 		
0x0244	0xF02CC000  	MOVFF       R0, FARG_Lcd_Cmd_out_char
0x0248	0xDEFA      	RCALL       _Lcd_Cmd
;__Lib_Lcd.c,197 :: 		
0x024A	0x9025      	BCF         __Lib_Lcd_cmd_status, BitPos(__Lib_Lcd_cmd_status+0) 
;__Lib_Lcd.c,198 :: 		
0x024C	0x6A2A      	CLRF        Lcd_Out_i_L0 
;__Lib_Lcd.c,199 :: 		
L_Lcd_Out18:
0x024E	0x502A      	MOVF        Lcd_Out_i_L0, 0 
0x0250	0x2428      	ADDWF       FARG_Lcd_Out_text, 0 
0x0252	0x6EE9      	MOVWF       FSR0L 
0x0254	0x0E00      	MOVLW       0
0x0256	0x2029      	ADDWFC      FARG_Lcd_Out_text+1, 0 
0x0258	0x6EEA      	MOVWF       FSR0L+1 
0x025A	0x52EE      	MOVF        POSTINC0, 1 
0x025C	0xE00B      	BZ          L_Lcd_Out19
;__Lib_Lcd.c,200 :: 		
0x025E	0x502A      	MOVF        Lcd_Out_i_L0, 0 
0x0260	0x2428      	ADDWF       FARG_Lcd_Out_text, 0 
0x0262	0x6EE9      	MOVWF       FSR0L 
0x0264	0x0E00      	MOVLW       0
0x0266	0x2029      	ADDWFC      FARG_Lcd_Out_text+1, 0 
0x0268	0x6EEA      	MOVWF       FSR0L+1 
0x026A	0xF02BCFEE  	MOVFF       POSTINC0, FARG_Lcd_Chr_CP_out_char
0x026E	0xDF25      	RCALL       _Lcd_Chr_CP
0x0270	0x2A2A      	INCF        Lcd_Out_i_L0, 1 
0x0272	0xD7ED      	BRA         L_Lcd_Out18
L_Lcd_Out19:
;__Lib_Lcd.c,201 :: 		
0x0274	0x8025      	BSF         __Lib_Lcd_cmd_status, BitPos(__Lib_Lcd_cmd_status+0) 
;__Lib_Lcd.c,202 :: 		
L_end_Lcd_Out:
0x0276	0x0012      	RETURN      0
; end of _Lcd_Out
_main:
0x0278	0xF001EC97  	CALL        814, 0
;lcd_ekran.c,27 :: 		void main() {
;lcd_ekran.c,28 :: 		ADCON1 |= 0x0F;
0x027C	0x0E0F      	MOVLW       15
0x027E	0x12C1      	IORWF       ADCON1, 1 
;lcd_ekran.c,29 :: 		CMCON |= 0x07;
0x0280	0x0E07      	MOVLW       7
0x0282	0x12B4      	IORWF       CMCON, 1 
;lcd_ekran.c,31 :: 		Lcd_Init();
0x0284	0xDF3C      	RCALL       _Lcd_Init
;lcd_ekran.c,32 :: 		Lcd_Cmd(_LCD_CURSOR_OFF);
0x0286	0x0E0C      	MOVLW       12
0x0288	0x6E2C      	MOVWF       FARG_Lcd_Cmd_out_char 
0x028A	0xDED9      	RCALL       _Lcd_Cmd
;lcd_ekran.c,33 :: 		LCD_Cmd(_LCD_CLEAR);
0x028C	0x0E01      	MOVLW       1
0x028E	0x6E2C      	MOVWF       FARG_Lcd_Cmd_out_char 
0x0290	0xDED6      	RCALL       _Lcd_Cmd
;lcd_ekran.c,34 :: 		LCD_out(1,1,"1.satir");
0x0292	0x0E01      	MOVLW       1
0x0294	0x6E26      	MOVWF       FARG_Lcd_Out_row 
0x0296	0x0E01      	MOVLW       1
0x0298	0x6E27      	MOVWF       FARG_Lcd_Out_column 
0x029A	0x0E15      	MOVLW       ?lstr1_lcd_ekran
0x029C	0x6E28      	MOVWF       FARG_Lcd_Out_text 
0x029E	0x0E00      	MOVLW       hi_addr(?lstr1_lcd_ekran)
0x02A0	0x6E29      	MOVWF       FARG_Lcd_Out_text+1 
0x02A2	0xDFAD      	RCALL       _Lcd_Out
;lcd_ekran.c,35 :: 		LCD_out(2,1,"2.satir");
0x02A4	0x0E02      	MOVLW       2
0x02A6	0x6E26      	MOVWF       FARG_Lcd_Out_row 
0x02A8	0x0E01      	MOVLW       1
0x02AA	0x6E27      	MOVWF       FARG_Lcd_Out_column 
0x02AC	0x0E1D      	MOVLW       ?lstr2_lcd_ekran
0x02AE	0x6E28      	MOVWF       FARG_Lcd_Out_text 
0x02B0	0x0E00      	MOVLW       hi_addr(?lstr2_lcd_ekran)
0x02B2	0x6E29      	MOVWF       FARG_Lcd_Out_text+1 
0x02B4	0xDFA4      	RCALL       _Lcd_Out
;lcd_ekran.c,36 :: 		delay_ms(100);
0x02B6	0x0E82      	MOVLW       130
0x02B8	0x6E0C      	MOVWF       R12, 0
0x02BA	0x0EDD      	MOVLW       221
0x02BC	0x6E0D      	MOVWF       R13, 0
L_main3:
0x02BE	0x2E0D      	DECFSZ      R13, 1, 0
0x02C0	0xD7FE      	BRA         L_main3
0x02C2	0x2E0C      	DECFSZ      R12, 1, 0
0x02C4	0xD7FC      	BRA         L_main3
0x02C6	0x0000      	NOP
0x02C8	0x0000      	NOP
;lcd_ekran.c,37 :: 		Lcd_Cmd(_LCD_TURN_OFF);
0x02CA	0x0E08      	MOVLW       8
0x02CC	0x6E2C      	MOVWF       FARG_Lcd_Cmd_out_char 
0x02CE	0xDEB7      	RCALL       _Lcd_Cmd
;lcd_ekran.c,38 :: 		delay_ms(100);
0x02D0	0x0E82      	MOVLW       130
0x02D2	0x6E0C      	MOVWF       R12, 0
0x02D4	0x0EDD      	MOVLW       221
0x02D6	0x6E0D      	MOVWF       R13, 0
L_main4:
0x02D8	0x2E0D      	DECFSZ      R13, 1, 0
0x02DA	0xD7FE      	BRA         L_main4
0x02DC	0x2E0C      	DECFSZ      R12, 1, 0
0x02DE	0xD7FC      	BRA         L_main4
0x02E0	0x0000      	NOP
0x02E2	0x0000      	NOP
;lcd_ekran.c,39 :: 		Lcd_Cmd(_LCD_TURN_ON);
0x02E4	0x0E0C      	MOVLW       12
0x02E6	0x6E2C      	MOVWF       FARG_Lcd_Cmd_out_char 
0x02E8	0xDEAA      	RCALL       _Lcd_Cmd
;lcd_ekran.c,40 :: 		delay_ms(1000);
0x02EA	0x0E06      	MOVLW       6
0x02EC	0x6E0B      	MOVWF       R11, 0
0x02EE	0x0E13      	MOVLW       19
0x02F0	0x6E0C      	MOVWF       R12, 0
0x02F2	0x0EAD      	MOVLW       173
0x02F4	0x6E0D      	MOVWF       R13, 0
L_main5:
0x02F6	0x2E0D      	DECFSZ      R13, 1, 0
0x02F8	0xD7FE      	BRA         L_main5
0x02FA	0x2E0C      	DECFSZ      R12, 1, 0
0x02FC	0xD7FC      	BRA         L_main5
0x02FE	0x2E0B      	DECFSZ      R11, 1, 0
0x0300	0xD7FA      	BRA         L_main5
0x0302	0x0000      	NOP
0x0304	0x0000      	NOP
;lcd_ekran.c,42 :: 		CustomChar0();
0x0306	0xDEDF      	RCALL       _CustomChar0
;lcd_ekran.c,43 :: 		Lcd_Chr(1,16,0);
0x0308	0x0E01      	MOVLW       1
0x030A	0x6E26      	MOVWF       FARG_Lcd_Chr_row 
0x030C	0x0E10      	MOVLW       16
0x030E	0x6E27      	MOVWF       FARG_Lcd_Chr_column 
0x0310	0x6A28      	CLRF        FARG_Lcd_Chr_out_char 
0x0312	0xDF48      	RCALL       _Lcd_Chr
;lcd_ekran.c,46 :: 		}
L_end_main:
0x0314	0xD7FF      	BRA         $+0
; end of _main
0x032E	0xF015EE10  	LFSR        1, 21
0x0332	0x0E10      	MOVLW       16
0x0334	0x6E00      	MOVWF       R0 
0x0336	0x0E01      	MOVLW       1
0x0338	0x6E01      	MOVWF       R1 
0x033A	0x0E16      	MOVLW       22
0x033C	0x6EF6      	MOVWF       TBLPTR 
0x033E	0x0E03      	MOVLW       3
0x0340	0x6EF7      	MOVWF       TBLPTRH 
0x0342	0x0E00      	MOVLW       0
0x0344	0x6EF8      	MOVWF       TBLPTRU 
0x0346	0xF000ECCA  	CALL        404, 0
0x034A	0x0012      	RETURN      0
;lcd_ekran.c,0 :: ?ICS?lstr1_lcd_ekran
0x0316	0x2E31 ;?ICS?lstr1_lcd_ekran+0
0x0318	0x6173 ;?ICS?lstr1_lcd_ekran+2
0x031A	0x6974 ;?ICS?lstr1_lcd_ekran+4
0x031C	0x0072 ;?ICS?lstr1_lcd_ekran+6
; end of ?ICS?lstr1_lcd_ekran
;lcd_ekran.c,0 :: ?ICS?lstr2_lcd_ekran
0x031E	0x2E32 ;?ICS?lstr2_lcd_ekran+0
0x0320	0x6173 ;?ICS?lstr2_lcd_ekran+2
0x0322	0x6974 ;?ICS?lstr2_lcd_ekran+4
0x0324	0x0072 ;?ICS?lstr2_lcd_ekran+6
; end of ?ICS?lstr2_lcd_ekran
;lcd_ekran.c,17 :: _character0
0x0326	0x181C ;_character0+0
0x0328	0x0110 ;_character0+2
0x032A	0x0703 ;_character0+4
0x032C	0x1F0F ;_character0+6
; end of _character0
Symbol List:
//** Routines locations **
//ADDRESS    SIZE    PROCEDURE
//----------------------------------------------
0x001C      [12]    _Delay_50us
0x0028      [18]    _Delay_5500us
0x003A       [4]    _Delay_1us
0x003E     [124]    _Lcd_Cmd
0x00BA      [12]    _Lcd_Chr_CP
0x00C6      [56]    _CustomChar0
0x00FE     [150]    _Lcd_Init
0x0194      [16]    ___CC2DW
0x01A4      [90]    _Lcd_Chr
0x01FE     [122]    _Lcd_Out
0x0278     [158]    _main
//** Variables locations ** 
//ADDRESS    SIZE    VARIABLE
//----------------------------------------------
0x0000       [1]    R0
0x0001       [1]    R1
0x0002       [1]    R2
0x0003       [1]    R3
0x0004       [1]    R4
0x0005       [1]    R5
0x0006       [1]    R6
0x0007       [1]    R7
0x0008       [1]    R8
0x0009       [1]    R9
0x000A       [1]    R10
0x000B       [1]    R11
0x000C       [1]    R12
0x000D       [1]    R13
0x000E       [1]    R14
0x000F       [1]    R15
0x0010       [1]    R16
0x0011       [1]    R17
0x0012       [1]    R18
0x0013       [1]    R19
0x0014       [1]    R20
0x0015       [8]    ?lstr1_lcd_ekran
0x001D       [8]    ?lstr2_lcd_ekran
0x0025       [0]    __Lib_Lcd_cmd_status
0x0026       [1]    FARG_Lcd_Out_row
0x0026       [1]    FARG_Lcd_Chr_row
0x0026       [1]    CustomChar0_i_L0
0x0027       [1]    FARG_Lcd_Out_column
0x0027       [1]    FARG_Lcd_Chr_column
0x0028       [2]    FARG_Lcd_Out_text
0x0028       [1]    FARG_Lcd_Chr_out_char
0x002A       [1]    Lcd_Out_i_L0
0x002B       [1]    FARG_Lcd_Chr_CP_out_char
0x002C       [1]    FARG_Lcd_Cmd_out_char
0x0F83       [0]    RD2_bit
0x0F83       [0]    RD3_bit
0x0F83       [0]    RD7_bit
0x0F83       [0]    LCD_RS
0x0F83       [0]    LCD_EN
0x0F83       [0]    LCD_D7
0x0F83       [0]    LCD_D6
0x0F83       [0]    RD5_bit
0x0F83       [0]    RD4_bit
0x0F83       [0]    LCD_D5
0x0F83       [0]    LCD_D4
0x0F83       [0]    RD6_bit
0x0F95       [0]    TRISD5_bit
0x0F95       [0]    TRISD6_bit
0x0F95       [0]    TRISD4_bit
0x0F95       [0]    TRISD3_bit
0x0F95       [0]    TRISD2_bit
0x0F95       [0]    LCD_D5_Direction
0x0F95       [0]    LCD_D6_Direction
0x0F95       [0]    TRISD7_bit
0x0F95       [0]    LCD_D4_Direction
0x0F95       [0]    LCD_EN_Direction
0x0F95       [0]    LCD_RS_Direction
0x0F95       [0]    LCD_D7_Direction
0x0FB4       [1]    CMCON
0x0FC1       [1]    ADCON1
0x0FD8       [1]    STATUS
0x0FD9       [1]    FSR2L
0x0FDA       [1]    FSR2H
0x0FDE       [1]    POSTINC2
0x0FE0       [1]    BSR
0x0FE1       [1]    FSR1L
0x0FE2       [1]    FSR1H
0x0FE4       [1]    PREINC1
0x0FE6       [1]    POSTINC1
0x0FE7       [1]    INDF1
0x0FE8       [1]    WREG
0x0FE9       [1]    FSR0L
0x0FEA       [1]    FSR0H
0x0FEE       [1]    POSTINC0
0x0FF3       [1]    PRODL
0x0FF4       [1]    PRODH
0x0FF5       [1]    TABLAT
0x0FF6       [1]    TBLPTRL
0x0FF6       [3]    TBLPTR
0x0FF7       [1]    TBLPTRH
0x0FF8       [1]    TBLPTRU
//** Constants locations ** 
//ADDRESS    SIZE    CONSTANT
//----------------------------------------------
0x0316       [8]    ?ICS?lstr1_lcd_ekran
0x031E       [8]    ?ICS?lstr2_lcd_ekran
0x0326       [8]    _character0
