;  LST file generated by mikroListExporter - v.2.0 
; Date/Time: 17.02.2023 02:34:16
;----------------------------------------------

;Address Opcode 	ASM
0x0000	0xF000EF22  	GOTO        68
_interrupt:
;capture.c,4 :: 		void interrupt()
;capture.c,6 :: 		if(PIR1.CCP1IF)
0x0008	0xB49E      	BTFSC       PIR1, 2 
;capture.c,8 :: 		interrupt_led = ~interrupt_led;
0x000A	0x7481      	BTG         PORTB, 2 
;capture.c,9 :: 		}
L_interrupt0:
;capture.c,11 :: 		PIR1.CCP1IF=0;
0x000C	0x949E      	BCF         PIR1, 2 
;capture.c,12 :: 		}
L_end_interrupt:
L__interrupt6:
0x000E	0x0011      	RETFIE      1
; end of _interrupt
___CC2DW:
;__Lib_System.c,21 :: 		
;__Lib_System.c,23 :: 		
_CC2DL_Loop1:
;__Lib_System.c,24 :: 		
0x0010	0x0009      	TBLRD*+
;__Lib_System.c,25 :: 		
0x0012	0xFFE6CFF5  	MOVFF       TABLAT, POSTINC1
;__Lib_System.c,26 :: 		
0x0016	0x0600      	DECF        R0, 1, 0
;__Lib_System.c,27 :: 		
0x0018	0xE1FB      	BNZ         _CC2DL_Loop1
;__Lib_System.c,28 :: 		
0x001A	0x0601      	DECF        R1, 1, 0
;__Lib_System.c,29 :: 		
0x001C	0xE1F9      	BNZ         _CC2DL_Loop1
;__Lib_System.c,31 :: 		
L_end___CC2DW:
0x001E	0x0012      	RETURN      0
; end of ___CC2DW
_kurulum:
;capture.c,15 :: 		void kurulum()
;capture.c,17 :: 		ADCON1 |= 0x0F;
0x0020	0x0E0F      	MOVLW       15
0x0022	0x12C1      	IORWF       ADCON1, 1 
;capture.c,20 :: 		TRISC.RC2=1;
0x0024	0x8494      	BSF         TRISC, 2 
;capture.c,21 :: 		PORTC.RC2=0;
0x0026	0x9482      	BCF         PORTC, 2 
;capture.c,22 :: 		TRISB=0;
0x0028	0x6A93      	CLRF        TRISB 
;capture.c,23 :: 		PORTB=0;
0x002A	0x6A81      	CLRF        PORTB 
;capture.c,25 :: 		TMR1L=0x00;
0x002C	0x6ACE      	CLRF        TMR1L 
;capture.c,26 :: 		TMR1H=0x00;
0x002E	0x6ACF      	CLRF        TMR1H 
;capture.c,27 :: 		T1CON=0x83;
0x0030	0x0E83      	MOVLW       131
0x0032	0x6ECD      	MOVWF       T1CON 
;capture.c,29 :: 		CCPR1L=0x00;
0x0034	0x6ABE      	CLRF        CCPR1L 
;capture.c,30 :: 		CCPR1H=0x00;
0x0036	0x6ABF      	CLRF        CCPR1H 
;capture.c,31 :: 		CCP1CON=0x05;
0x0038	0x0E05      	MOVLW       5
0x003A	0x6EBD      	MOVWF       CCP1CON 
;capture.c,32 :: 		PIE1.CCP1IE=1;
0x003C	0x849D      	BSF         PIE1, 2 
;capture.c,34 :: 		INTCON=0xC0;
0x003E	0x0EC0      	MOVLW       192
0x0040	0x6EF2      	MOVWF       INTCON 
;capture.c,36 :: 		}
L_end_kurulum:
0x0042	0x0012      	RETURN      0
; end of _kurulum
_main:
0x0044	0xF000EC55  	CALL        170, 0
;capture.c,38 :: 		void main() {
;capture.c,39 :: 		kurulum();
0x0048	0xDFEB      	RCALL       _kurulum
;capture.c,41 :: 		while(1)
L_main1:
;capture.c,43 :: 		loop_led=1;
0x004A	0x8281      	BSF         PORTB, 1 
;capture.c,44 :: 		delay_ms(1000);
0x004C	0x0E06      	MOVLW       6
0x004E	0x6E0B      	MOVWF       R11, 0
0x0050	0x0E13      	MOVLW       19
0x0052	0x6E0C      	MOVWF       R12, 0
0x0054	0x0EAD      	MOVLW       173
0x0056	0x6E0D      	MOVWF       R13, 0
L_main3:
0x0058	0x2E0D      	DECFSZ      R13, 1, 0
0x005A	0xD7FE      	BRA         L_main3
0x005C	0x2E0C      	DECFSZ      R12, 1, 0
0x005E	0xD7FC      	BRA         L_main3
0x0060	0x2E0B      	DECFSZ      R11, 1, 0
0x0062	0xD7FA      	BRA         L_main3
0x0064	0x0000      	NOP
0x0066	0x0000      	NOP
;capture.c,45 :: 		loop_led=0;
0x0068	0x9281      	BCF         PORTB, 1 
;capture.c,46 :: 		delay_ms(1000);
0x006A	0x0E06      	MOVLW       6
0x006C	0x6E0B      	MOVWF       R11, 0
0x006E	0x0E13      	MOVLW       19
0x0070	0x6E0C      	MOVWF       R12, 0
0x0072	0x0EAD      	MOVLW       173
0x0074	0x6E0D      	MOVWF       R13, 0
L_main4:
0x0076	0x2E0D      	DECFSZ      R13, 1, 0
0x0078	0xD7FE      	BRA         L_main4
0x007A	0x2E0C      	DECFSZ      R12, 1, 0
0x007C	0xD7FC      	BRA         L_main4
0x007E	0x2E0B      	DECFSZ      R11, 1, 0
0x0080	0xD7FA      	BRA         L_main4
0x0082	0x0000      	NOP
0x0084	0x0000      	NOP
;capture.c,47 :: 		}
0x0086	0xD7E1      	BRA         L_main1
;capture.c,49 :: 		}
L_end_main:
0x0088	0xD7FF      	BRA         $+0
; end of _main
0x00AA	0xF015EE10  	LFSR        1, 21
0x00AE	0x0E20      	MOVLW       32
0x00B0	0x6E00      	MOVWF       R0 
0x00B2	0x0E01      	MOVLW       1
0x00B4	0x6E01      	MOVWF       R1 
0x00B6	0x0E8A      	MOVLW       138
0x00B8	0x6EF6      	MOVWF       TBLPTR 
0x00BA	0x0E00      	MOVLW       0
0x00BC	0x6EF7      	MOVWF       TBLPTRH 
0x00BE	0x0E00      	MOVLW       0
0x00C0	0x6EF8      	MOVWF       TBLPTRU 
0x00C2	0xF000EC08  	CALL        16, 0
0x00C6	0x0012      	RETURN      0
;__Lib_FT5XX6.c,0 :: ?ICS__Lib_FT5XX6_OrientPrototype0
0x008A	0x0037 ;?ICS__Lib_FT5XX6_OrientPrototype0+0
0x008C	0x0038 ;?ICS__Lib_FT5XX6_OrientPrototype0+2
0x008E	0x0035 ;?ICS__Lib_FT5XX6_OrientPrototype0+4
0x0090	0x0036 ;?ICS__Lib_FT5XX6_OrientPrototype0+6
; end of ?ICS__Lib_FT5XX6_OrientPrototype0
;__Lib_FT5XX6.c,0 :: ?ICS__Lib_FT5XX6_OrientPrototype3
0x0092	0x0038 ;?ICS__Lib_FT5XX6_OrientPrototype3+0
0x0094	0x0035 ;?ICS__Lib_FT5XX6_OrientPrototype3+2
0x0096	0x0036 ;?ICS__Lib_FT5XX6_OrientPrototype3+4
0x0098	0x0037 ;?ICS__Lib_FT5XX6_OrientPrototype3+6
; end of ?ICS__Lib_FT5XX6_OrientPrototype3
;__Lib_FT5XX6.c,0 :: ?ICS__Lib_FT5XX6_OrientPrototype2
0x009A	0x0035 ;?ICS__Lib_FT5XX6_OrientPrototype2+0
0x009C	0x0036 ;?ICS__Lib_FT5XX6_OrientPrototype2+2
0x009E	0x0037 ;?ICS__Lib_FT5XX6_OrientPrototype2+4
0x00A0	0x0038 ;?ICS__Lib_FT5XX6_OrientPrototype2+6
; end of ?ICS__Lib_FT5XX6_OrientPrototype2
;__Lib_FT5XX6.c,0 :: ?ICS__Lib_FT5XX6_OrientPrototype1
0x00A2	0x0036 ;?ICS__Lib_FT5XX6_OrientPrototype1+0
0x00A4	0x0037 ;?ICS__Lib_FT5XX6_OrientPrototype1+2
0x00A6	0x0038 ;?ICS__Lib_FT5XX6_OrientPrototype1+4
0x00A8	0x0035 ;?ICS__Lib_FT5XX6_OrientPrototype1+6
; end of ?ICS__Lib_FT5XX6_OrientPrototype1
Symbol List:
//** Routines locations **
//ADDRESS    SIZE    PROCEDURE
//----------------------------------------------
0x0008       [8]    _interrupt
0x0010      [16]    ___CC2DW
0x0020      [36]    _kurulum
0x0044      [70]    _main
//** Variables locations ** 
//ADDRESS    SIZE    VARIABLE
//----------------------------------------------
0x0000       [1]    __Lib_SoftI2C_PutZerosToLATScl_temp_scl_L0
0x0000       [1]    UART1_Init_tmp_L0
0x0000       [1]    R0
0x0000       [1]    SPI1_Write_tmp_L0
0x0000       [1]    FLASH_Erase_64_SaveINTCON_L0
0x0000       [1]    EEPROM_Write_SaveINTCON_L0
0x0000       [1]    __Lib_SoftI2C_PutZerosToLATSda_temp_sda_L0
0x0001       [1]    R1
0x0001       [1]    ispunct_rslt_L0
0x0001       [1]    FLASH_Erase_Write_64_i_L0
0x0001       [1]    __Lib_TFT_JPEG_FileReadBytes_Result_L0
0x0001       [1]    __Lib_Conversions_Adjust_Hex_tmp_L0
0x0001       [2]    FLASH_Read_N_Bytes_i_L0
0x0001       [1]    __Lib_PS2_Wait_Falling_nsample_L0
0x0001       [1]    __Lib_USB_genHID_?FLOC____Lib_USB_genHID_USB_Handle_BusyT1
0x0001       [1]    UART1_Read___tmp_UART1_Read_L0
0x0001       [1]    __Lib_TFT_16bit_JPEG_FileRead_i_L0
0x0001       [1]    __Lib_TFT_16bit_JPEG_FileReadBytes_Result_L0
0x0001       [1]    FLASH_Write_32_i_L0
0x0001       [1]    __Lib_TFT_JPEG_FileRead_i_L0
0x0002       [2]    memcpy_dd_L0
0x0002       [2]    memchr_s_L0
0x0002       [1]    __Lib_USB_genHID_USB_CtrlTrf_Rx_Service_byteToRead_L0
0x0002       [1]    FLASH_Write_32_SaveINTCON_L0
0x0002       [2]    memset_pp_L0
0x0002       [1]    R2
0x0002       [2]    strlen_cp_L0
0x0002       [1]    FLASH_Erase_Write_64_j_L0
0x0002       [2]    FT5XX6_GetGestureIndex_i_L0
0x0003       [2]    MM_TotalFreeMemSize_Tot_L0
0x0003       [1]    __Lib_USB_genHID_USB_CtrlTrf_Rx_Service_i_L0
0x0003       [1]    MM_Init_i_L0
0x0003       [1]    R3
0x0003       [1]    FLASH_Erase_Write_64_SaveINTCON_L0
0x0003       [1]    __Lib_Sprinti_?FLOC____Lib_Sprinti_Do_FillT29
0x0003       [2]    Ltrim_original_L0
0x0003       [2]    __Lib_USB_genHID_USB_CtrlTrf_Tx_Service_byteToSend_L0
0x0003       [2]    memmove_tt_L0
0x0003       [2]    __Lib_MmcFat16_f16_toInt_l_L0
0x0004       [1]    R4
0x0004       [2]    __Lib_USB_genHID_USB_Get_Status_Handler_p_L2
0x0004       [2]    strcat_cp_L0
0x0004       [2]    __Lib_USB_genHID_USB_Transfer_Packet_handle_L0
0x0004       [1]    __Lib_Sprinti_?FLOC____Lib_Sprinti_Do_FillT40
0x0004       [2]    __Lib_MemManager_MM_GetMemAlign_P_L0
0x0004       [2]    strcpy_cp_L0
0x0004       [2]    strncpy_cp_L0
0x0004       [1]    __Lib_USB_genHID_GetMaxIndexInDevDsc_index_L0
0x0004       [2]    __Lib_USB_genHID_USB_Std_Feature_Req_Handler_p_L0
0x0004       [2]    strncat_cp_L0
0x0004       [2]    frexp_pom_L0
0x0004       [2]    memcpy_ss_L0
0x0005       [2]    Ltrim_p_L0
0x0005       [2]    memmove_ff_L0
0x0005       [1]    R5
0x0005       [1]    __Lib_Sprinti_?FLOC____Lib_Sprinti_Do_FillT54
0x0005       [1]    MM_TotalFreeMemSize_i_L0
0x0005       [2]    LongWordToHex_input_half_L0
0x0005       [2]    LongIntToHex_input_half_L0
0x0006       [1]    __Lib_Sprinti_?FLOC____Lib_Sprinti_Do_FillT69
0x0006       [1]    __Lib_MemManager_MM_GetMemAlign_i_L0
0x0006       [2]    __Lib_USB_genHID_GetMaxIndexInConfigDsc_totalLen_L0
0x0006       [1]    R6
0x0007       [1]    R7
0x0007       [1]    __Lib_TFT_16bit_JPEG_GenerateHuffmanTables_bLength_L0
0x0007       [1]    __Lib_TFT_JPEG_GenerateHuffmanTables_bLength_L0
0x0008       [3]    __Lib_USB_genHID_GetMaxIndexInConfigDsc_ptr_L0
0x0008       [1]    __Lib_TFT_JPEG_GenerateHuffmanTables_bTable_L0
0x0008       [1]    __Lib_TFT_16bit_JPEG_GenerateHuffmanTables_bTable_L0
0x0008       [1]    R8
0x0009       [4]    __Lib_MmcFat16_f16_toLong_l_L0
0x0009       [1]    R9
0x000A       [1]    R10
0x000B       [1]    R11
0x000C       [1]    R12
0x000D       [1]    R13
0x000E       [1]    R14
0x000F       [1]    R15
0x0010       [1]    R16
0x0011       [1]    R17
0x0012       [1]    R18
0x0013       [1]    R19
0x0014       [1]    R20
0x0015       [8]    __Lib_FT5XX6_OrientPrototype0
0x001D       [8]    __Lib_FT5XX6_OrientPrototype3
0x0025       [8]    __Lib_FT5XX6_OrientPrototype2
0x002D       [8]    __Lib_FT5XX6_OrientPrototype1
0x0035       [1]    _ft5xx6_gest_move_down
0x0036       [1]    _ft5xx6_gest_move_left
0x0037       [1]    _ft5xx6_gest_move_up
0x0038       [1]    _ft5xx6_gest_move_right
0x0F81       [1]    PORTB
0x0F82       [1]    PORTC
0x0F93       [1]    TRISB
0x0F94       [1]    TRISC
0x0F9D       [1]    PIE1
0x0F9E       [1]    PIR1
0x0FB4       [1]    CMCON
0x0FBD       [1]    CCP1CON
0x0FBE       [1]    CCPR1L
0x0FBF       [1]    CCPR1H
0x0FC1       [1]    ADCON1
0x0FCD       [1]    T1CON
0x0FCE       [1]    TMR1L
0x0FCF       [1]    TMR1H
0x0FD8       [1]    STATUS
0x0FD9       [1]    FSR2L
0x0FDA       [1]    FSR2H
0x0FDE       [1]    POSTINC2
0x0FE0       [1]    BSR
0x0FE1       [1]    FSR1L
0x0FE2       [1]    FSR1H
0x0FE4       [1]    PREINC1
0x0FE6       [1]    POSTINC1
0x0FE7       [1]    INDF1
0x0FE8       [1]    WREG
0x0FE9       [1]    FSR0L
0x0FEA       [1]    FSR0H
0x0FEE       [1]    POSTINC0
0x0FF2       [1]    INTCON
0x0FF3       [1]    PRODL
0x0FF4       [1]    PRODH
0x0FF5       [1]    TABLAT
0x0FF6       [1]    TBLPTRL
0x0FF6       [3]    TBLPTR
0x0FF7       [1]    TBLPTRH
0x0FF8       [1]    TBLPTRU
//** Constants locations ** 
//ADDRESS    SIZE    CONSTANT
//----------------------------------------------
0x008A       [8]    ?ICS__Lib_FT5XX6_OrientPrototype0
0x0092       [8]    ?ICS__Lib_FT5XX6_OrientPrototype3
0x009A       [8]    ?ICS__Lib_FT5XX6_OrientPrototype2
0x00A2       [8]    ?ICS__Lib_FT5XX6_OrientPrototype1
