;  LST file generated by mikroListExporter - v.2.0 
; Date/Time: 18.02.2023 14:33:39
;----------------------------------------------

;Address Opcode 	ASM
0x0000	0xF000EF20  	GOTO        64
0x0004	0x0000      	NOP
0x0006	0x0000      	NOP
0x0008	0xF000EF00  	GOTO        0
0x000C	0x0000      	NOP
0x000E	0x0000      	NOP
0x0010	0x0000      	NOP
0x0012	0x0000      	NOP
0x0014	0x0000      	NOP
0x0016	0x0000      	NOP
0x0018	0xD7F3      	BRA         0
_kurulum:
;pwm.c,7 :: 		void kurulum()
;pwm.c,9 :: 		ADCON1 |= 0x0F;
0x001C	0x0E0F      	MOVLW       15
0x001E	0x12C1      	IORWF       ADCON1, 1 
;pwm.c,12 :: 		TRISB=0x03;
0x0020	0x0E03      	MOVLW       3
0x0022	0x6E93      	MOVWF       TRISB 
;pwm.c,13 :: 		PORTB=0;
0x0024	0x6A81      	CLRF        PORTB 
;pwm.c,15 :: 		TRISC=0;
0x0026	0x6A94      	CLRF        TRISC 
;pwm.c,17 :: 		CCPR1L=10;
0x0028	0x0E0A      	MOVLW       10
0x002A	0x6EBE      	MOVWF       CCPR1L 
;pwm.c,18 :: 		CCPR1H=0;
0x002C	0x6ABF      	CLRF        CCPR1H 
;pwm.c,19 :: 		CCP1CON=0x0C;
0x002E	0x0E0C      	MOVLW       12
0x0030	0x6EBD      	MOVWF       CCP1CON 
;pwm.c,21 :: 		PR2=249;
0x0032	0x0EF9      	MOVLW       249
0x0034	0x6ECB      	MOVWF       PR2 
;pwm.c,23 :: 		T2CON=0x05;
0x0036	0x0E05      	MOVLW       5
0x0038	0x6ECA      	MOVWF       T2CON 
;pwm.c,25 :: 		INTCON=0xC0;
0x003A	0x0EC0      	MOVLW       192
0x003C	0x6EF2      	MOVWF       INTCON 
;pwm.c,27 :: 		}
L_end_kurulum:
0x003E	0x0012      	RETURN      0
; end of _kurulum
_main:
;pwm.c,29 :: 		void main() {
;pwm.c,30 :: 		kurulum();
0x0040	0xDFED      	RCALL       _kurulum
;pwm.c,31 :: 		duty1_value=0;
0x0042	0x6A15      	CLRF        _duty1_value 
;pwm.c,32 :: 		while(1)
L_main0:
;pwm.c,34 :: 		if(PORTB.RB0)        //arttýr butonu
0x0044	0xA081      	BTFSS       PORTB, 0 
0x0046	0xD010      	BRA         L_main2
;pwm.c,36 :: 		delay_ms(30);
0x0048	0x0E27      	MOVLW       39
0x004A	0x6E0C      	MOVWF       R12, 0
0x004C	0x0EF5      	MOVLW       245
0x004E	0x6E0D      	MOVWF       R13, 0
L_main3:
0x0050	0x2E0D      	DECFSZ      R13, 1, 0
0x0052	0xD7FE      	BRA         L_main3
0x0054	0x2E0C      	DECFSZ      R12, 1, 0
0x0056	0xD7FC      	BRA         L_main3
;pwm.c,37 :: 		duty1_value++;
0x0058	0x2A15      	INCF        _duty1_value, 1 
;pwm.c,38 :: 		if(duty1_value>=PR2)
0x005A	0x50CB      	MOVF        PR2, 0 
0x005C	0x5C15      	SUBWF       _duty1_value, 0 
0x005E	0xE302      	BNC         L_main4
;pwm.c,39 :: 		duty1_value=249;
0x0060	0x0EF9      	MOVLW       249
0x0062	0x6E15      	MOVWF       _duty1_value 
L_main4:
;pwm.c,40 :: 		CCPR1L=duty1_value;
0x0064	0xFFBEC015  	MOVFF       _duty1_value, CCPR1L
;pwm.c,41 :: 		}
L_main2:
;pwm.c,43 :: 		if(PORTB.RB1)      //azalt butonu
0x0068	0xA281      	BTFSS       PORTB, 1 
0x006A	0xD010      	BRA         L_main5
;pwm.c,45 :: 		delay_ms(30);
0x006C	0x0E27      	MOVLW       39
0x006E	0x6E0C      	MOVWF       R12, 0
0x0070	0x0EF5      	MOVLW       245
0x0072	0x6E0D      	MOVWF       R13, 0
L_main6:
0x0074	0x2E0D      	DECFSZ      R13, 1, 0
0x0076	0xD7FE      	BRA         L_main6
0x0078	0x2E0C      	DECFSZ      R12, 1, 0
0x007A	0xD7FC      	BRA         L_main6
;pwm.c,46 :: 		duty1_value--;
0x007C	0x0615      	DECF        _duty1_value, 1 
;pwm.c,47 :: 		if(duty1_value<1)
0x007E	0x0E01      	MOVLW       1
0x0080	0x5C15      	SUBWF       _duty1_value, 0 
0x0082	0xE202      	BC          L_main7
;pwm.c,48 :: 		duty1_value=1;
0x0084	0x0E01      	MOVLW       1
0x0086	0x6E15      	MOVWF       _duty1_value 
L_main7:
;pwm.c,49 :: 		CCPR1L=duty1_value;
0x0088	0xFFBEC015  	MOVFF       _duty1_value, CCPR1L
;pwm.c,50 :: 		}
L_main5:
;pwm.c,51 :: 		}
0x008C	0xD7DB      	BRA         L_main0
;pwm.c,53 :: 		}
L_end_main:
0x008E	0xD7FF      	BRA         $+0
; end of _main
Symbol List:
//** Routines locations **
//ADDRESS    SIZE    PROCEDURE
//----------------------------------------------
0x001C      [36]    _kurulum
0x0040      [80]    _main
//** Variables locations ** 
//ADDRESS    SIZE    VARIABLE
//----------------------------------------------
0x0000       [1]    R0
0x0001       [1]    R1
0x0002       [1]    R2
0x0003       [1]    R3
0x0004       [1]    R4
0x0005       [1]    R5
0x0006       [1]    R6
0x0007       [1]    R7
0x0008       [1]    R8
0x0009       [1]    R9
0x000A       [1]    R10
0x000B       [1]    R11
0x000C       [1]    R12
0x000D       [1]    R13
0x000E       [1]    R14
0x000F       [1]    R15
0x0010       [1]    R16
0x0011       [1]    R17
0x0012       [1]    R18
0x0013       [1]    R19
0x0014       [1]    R20
0x0015       [1]    _duty1_value
0x0F81       [1]    PORTB
0x0F93       [1]    TRISB
0x0F94       [1]    TRISC
0x0FB4       [1]    CMCON
0x0FBD       [1]    CCP1CON
0x0FBE       [1]    CCPR1L
0x0FBF       [1]    CCPR1H
0x0FC1       [1]    ADCON1
0x0FCA       [1]    T2CON
0x0FCB       [1]    PR2
0x0FD8       [1]    STATUS
0x0FD9       [1]    FSR2L
0x0FDA       [1]    FSR2H
0x0FDE       [1]    POSTINC2
0x0FE0       [1]    BSR
0x0FE1       [1]    FSR1L
0x0FE2       [1]    FSR1H
0x0FE4       [1]    PREINC1
0x0FE6       [1]    POSTINC1
0x0FE7       [1]    INDF1
0x0FE8       [1]    WREG
0x0FE9       [1]    FSR0L
0x0FEA       [1]    FSR0H
0x0FEE       [1]    POSTINC0
0x0FF2       [1]    INTCON
0x0FF3       [1]    PRODL
0x0FF4       [1]    PRODH
0x0FF5       [1]    TABLAT
0x0FF6       [1]    TBLPTRL
0x0FF7       [1]    TBLPTRH
0x0FF8       [1]    TBLPTRU
